Log file open, 12/12/19 09:21:35
LogWindows: Failed to load 'aqProf.dll' (GetLastError=126)
LogWindows: File 'aqProf.dll' does not exist
LogWindows: Failed to load 'VtuneApi.dll' (GetLastError=126)
LogWindows: File 'VtuneApi.dll' does not exist
LogWindows: Failed to load 'VtuneApi32e.dll' (GetLastError=126)
LogWindows: File 'VtuneApi32e.dll' does not exist
LogConsoleResponse: Display: Failed to find resolution value strings in scalability ini. Falling back to default.
LogInit: Display: Running engine for game: Overwatch
LogPakFile: Registered encryption key '00000000000000000000000000000000': 0 pak files mounted, 0 remain pending
LogPlatformFile: Not using cached read wrapper
LogTaskGraph: Started task graph with 5 named threads and 35 total threads with 3 sets of task threads.
LogStats: Stats thread started at 0.424823
LogD3D11RHI: Loaded GFSDK_Aftermath_Lib.x64.dll
LogICUInternationalization: ICU TimeZone Detection - Raw Offset: +1:00, Platform Override: ''
LogPluginManager: Mounting plugin Paper2D
LogPluginManager: Mounting plugin AISupport
LogPluginManager: Mounting plugin LightPropagationVolume
LogPluginManager: Mounting plugin ActorLayerUtilities
LogPluginManager: Mounting plugin AnimationSharing
LogPluginManager: Mounting plugin CLionSourceCodeAccess
LogPluginManager: Mounting plugin CodeLiteSourceCodeAccess
LogPluginManager: Mounting plugin GitSourceControl
LogPluginManager: Mounting plugin KDevelopSourceCodeAccess
LogPluginManager: Mounting plugin NullSourceCodeAccess
LogPluginManager: Mounting plugin PerforceSourceControl
LogPluginManager: Mounting plugin SubversionSourceControl
LogPluginManager: Mounting plugin UObjectPlugin
LogPluginManager: Mounting plugin VisualStudioCodeSourceCodeAccess
LogPluginManager: Mounting plugin VisualStudioSourceCodeAccess
LogPluginManager: Mounting plugin XCodeSourceCodeAccess
LogPluginManager: Mounting plugin AssetManagerEditor
LogPluginManager: Mounting plugin CryptoKeys
LogPluginManager: Mounting plugin DataValidation
LogPluginManager: Mounting plugin FacialAnimation
LogPluginManager: Mounting plugin GameplayTagsEditor
LogPluginManager: Mounting plugin MacGraphicsSwitching
LogPluginManager: Mounting plugin MaterialAnalyzer
LogPluginManager: Mounting plugin MobileLauncherProfileWizard
LogPluginManager: Mounting plugin PluginBrowser
LogPluginManager: Mounting plugin SpeedTreeImporter
LogPluginManager: Mounting plugin DatasmithContent
LogPluginManager: Mounting plugin VariantManagerContent
LogPluginManager: Mounting plugin AlembicImporter
LogPluginManager: Mounting plugin AppleImageUtils
LogPluginManager: Mounting plugin AppleVision
LogPluginManager: Mounting plugin BackChannel
LogPluginManager: Mounting plugin CharacterAI
LogPluginManager: Mounting plugin GeometryCache
LogPluginManager: Mounting plugin HTML5Networking
LogPluginManager: Mounting plugin ProxyLODPlugin
LogPluginManager: Mounting plugin SkeletalReduction
LogPluginManager: Mounting plugin MagicLeap
LogPluginManager: Mounting plugin MagicLeapMedia
LogPluginManager: Mounting plugin AndroidMedia
LogPluginManager: Mounting plugin AvfMedia
LogPluginManager: Mounting plugin ImgMedia
LogPluginManager: Mounting plugin LinearTimecode
LogPluginManager: Mounting plugin MediaCompositing
LogPluginManager: Mounting plugin MediaPlayerEditor
LogPluginManager: Mounting plugin WebMMedia
LogPluginManager: Mounting plugin WmfMedia
LogPluginManager: Mounting plugin TcpMessaging
LogPluginManager: Mounting plugin UdpMessaging
LogPluginManager: Mounting plugin ActorSequence
LogPluginManager: Mounting plugin LevelSequenceEditor
LogPluginManager: Mounting plugin MatineeToLevelSequence
LogPluginManager: Mounting plugin NetcodeUnitTest
LogPluginManager: Mounting plugin NUTUnrealEngine4
LogPluginManager: Mounting plugin OnlineSubsystemGooglePlay
LogPluginManager: Mounting plugin OnlineSubsystemIOS
LogPluginManager: Mounting plugin OnlineSubsystem
LogPluginManager: Mounting plugin OnlineSubsystemNull
LogPluginManager: Mounting plugin OnlineSubsystemUtils
LogPluginManager: Mounting plugin LauncherChunkInstaller
LogPluginManager: Mounting plugin AndroidDeviceProfileSelector
LogPluginManager: Mounting plugin AndroidMoviePlayer
LogPluginManager: Mounting plugin AndroidPermission
LogPluginManager: Mounting plugin AppleMoviePlayer
LogPluginManager: Mounting plugin ArchVisCharacter
LogPluginManager: Mounting plugin AudioCapture
LogPluginManager: Mounting plugin CableComponent
LogPluginManager: Mounting plugin CustomMeshComponent
LogPluginManager: Mounting plugin EditableMesh
LogPluginManager: Mounting plugin ExampleDeviceProfileSelector
LogPluginManager: Mounting plugin Firebase
LogPluginManager: Mounting plugin GoogleCloudMessaging
LogPluginManager: Mounting plugin IOSDeviceProfileSelector
LogPluginManager: Mounting plugin LinuxDeviceProfileSelector
LogPluginManager: Mounting plugin LocationServicesBPLibrary
LogPluginManager: Mounting plugin MobilePatchingUtils
LogPluginManager: Mounting plugin OculusVR
LogPluginManager: Mounting plugin PhysXVehicles
LogPluginManager: Mounting plugin ProceduralMeshComponent
LogPluginManager: Mounting plugin RuntimePhysXCooking
LogPluginManager: Mounting plugin SignificanceManager
LogPluginManager: Mounting plugin SteamVR
LogPluginManager: Mounting plugin WebMMoviePlayer
LogPluginManager: Mounting plugin WindowsMoviePlayer
LogInit: Using libcurl 7.55.1-DEV
LogInit:  - built for x86_64-pc-win32
LogInit:  - supports SSL with OpenSSL/1.1.1
LogInit:  - supports HTTP deflate (compression) using libz 1.2.8
LogInit:  - other features:
LogInit:      CURL_VERSION_SSL
LogInit:      CURL_VERSION_LIBZ
LogInit:      CURL_VERSION_IPV6
LogInit:      CURL_VERSION_ASYNCHDNS
LogInit:      CURL_VERSION_LARGEFILE
LogInit:      CURL_VERSION_IDN
LogInit:  CurlRequestOptions (configurable via config and command line):
LogInit:  - bVerifyPeer = true  - Libcurl will verify peer certificate
LogInit:  - bUseHttpProxy = false  - Libcurl will NOT use HTTP proxy
LogInit:  - bDontReuseConnections = false  - Libcurl will reuse connections
LogInit:  - MaxHostConnections = 16  - Libcurl will limit the number of connections to a host
LogInit:  - LocalHostAddr = Default
LogInit:  - BufferSize = 65536
LogInit: WinSock: version 1.1 (2.2), MaxSocks=32767, MaxUdp=65467
LogInit: Build: ++UE4+Release-4.22-CL-7053642
LogInit: Engine Version: 4.22.3-7053642+++UE4+Release-4.22
LogInit: Compatible Engine Version: 4.22.0-5660361+++UE4+Release-4.22
LogInit: Net CL: 5660361
LogInit: OS: Windows 10 (Release 1809) (), CPU: AMD Ryzen 5 1600 Six-Core Processor            , GPU: NVIDIA GeForce GTX 1060 3GB
LogInit: Compiled (64-bit): Jun 18 2019 03:09:11
LogInit: Compiled with Visual C++: 19.16.27025.01
LogInit: Build Configuration: Development
LogInit: Branch Name: ++UE4+Release-4.22
LogInit: Command Line: 
LogInit: Base Directory: C:/Program Files/Epic Games/UE_4.22/Engine/Binaries/Win64/
LogInit: Installed Engine Build: 1
LogDevObjectVersion: Number of dev versions registered: 23
LogDevObjectVersion:   Dev-Blueprints (B0D832E4-1F89-4F0D-ACCF-7EB736FD4AA2): 10
LogDevObjectVersion:   Dev-Build (E1C64328-A22C-4D53-A36C-8E866417BD8C): 0
LogDevObjectVersion:   Dev-Core (375EC13C-06E4-48FB-B500-84F0262A717E): 3
LogDevObjectVersion:   Dev-Editor (E4B068ED-F494-42E9-A231-DA0B2E46BB41): 30
LogDevObjectVersion:   Dev-Framework (CFFC743F-43B0-4480-9391-14DF171D2073): 35
LogDevObjectVersion:   Dev-Mobile (B02B49B5-BB20-44E9-A304-32B752E40360): 2
LogDevObjectVersion:   Dev-Networking (A4E4105C-59A1-49B5-A7C5-40C4547EDFEE): 0
LogDevObjectVersion:   Dev-Online (39C831C9-5AE6-47DC-9A44-9C173E1C8E7C): 0
LogDevObjectVersion:   Dev-Physics (78F01B33-EBEA-4F98-B9B4-84EACCB95AA2): 0
LogDevObjectVersion:   Dev-Platform (6631380F-2D4D-43E0-8009-CF276956A95A): 0
LogDevObjectVersion:   Dev-Rendering (12F88B9F-8875-4AFC-A67C-D90C383ABD29): 28
LogDevObjectVersion:   Dev-Sequencer (7B5AE74C-D270-4C10-A958-57980B212A5A): 11
LogDevObjectVersion:   Dev-VR (D7296918-1DD6-4BDD-9DE2-64A83CC13884): 2
LogDevObjectVersion:   Dev-LoadTimes (C2A15278-BFE7-4AFE-6C17-90FF531DF755): 1
LogDevObjectVersion:   Private-Geometry (6EACA3D4-40EC-4CC1-B786-8BED09428FC5): 3
LogDevObjectVersion:   Dev-AnimPhys (29E575DD-E0A3-4627-9D10-D276232CDCEA): 17
LogDevObjectVersion:   Dev-Anim (AF43A65D-7FD3-4947-9873-3E8ED9C1BB05): 2
LogDevObjectVersion:   Dev-ReflectionCapture (6B266CEC-1EC7-4B8F-A30B-E4D90942FC07): 1
LogDevObjectVersion:   Dev-Automation (0DF73D61-A23F-47EA-B727-89E90C41499A): 1
LogDevObjectVersion:   FortniteMain (601D1886-AC64-4F84-AA16-D3DE0DEAC7D6): 25
LogDevObjectVersion:   Dev-Enterprise (9DFFBCD6-494F-0158-E221-12823C92A888): 6
LogDevObjectVersion:   Dev-Niagara (F2AED0AC-9AFE-416F-8664-AA7FFA26D6FC): 1
LogDevObjectVersion:   Dev-Destruction (174F1F0B-B4C6-45A5-B13F-2EE8D0FB917D): 2
LogInit: Presizing for max 16777216 objects, including 0 objects not considered by GC, pre-allocating 0 bytes for permanent pool.
LogInit: Object subsystem initialized
LogConfig: Setting CVar [[con.DebugEarlyDefault:1]]
LogConfig: Setting CVar [[r.setres:1280x720]]
[2019.12.12-08.21.36:421][  0]LogConfig: Setting CVar [[r.VSync:0]]
[2019.12.12-08.21.36:421][  0]LogConfig: Setting CVar [[r.RHICmdBypass:0]]
[2019.12.12-08.21.36:422][  0]LogConfig: Applying CVar settings from Section [/Script/Engine.RendererSettings] File [C:/Users/pau.andreotti/AndreottiPau/Github/BPOW_01_PAU_ANDREOTTI_BOSCH/Overwatch/Saved/Config/Windows/Engine.ini]
[2019.12.12-08.21.36:422][  0]LogConfig: Setting CVar [[r.GPUCrashDebugging:0]]
[2019.12.12-08.21.36:422][  0]LogConfig: Applying CVar settings from Section [/Script/Engine.RendererOverrideSettings] File [C:/Users/pau.andreotti/AndreottiPau/Github/BPOW_01_PAU_ANDREOTTI_BOSCH/Overwatch/Saved/Config/Windows/Engine.ini]
[2019.12.12-08.21.36:422][  0]LogConfig: Applying CVar settings from Section [/Script/Engine.StreamingSettings] File [C:/Users/pau.andreotti/AndreottiPau/Github/BPOW_01_PAU_ANDREOTTI_BOSCH/Overwatch/Saved/Config/Windows/Engine.ini]
[2019.12.12-08.21.36:422][  0]LogConfig: Setting CVar [[s.MinBulkDataSizeForAsyncLoading:131072]]
[2019.12.12-08.21.36:422][  0]LogConfig: Setting CVar [[s.AsyncLoadingThreadEnabled:0]]
[2019.12.12-08.21.36:422][  0]LogConfig: Setting CVar [[s.EventDrivenLoaderEnabled:1]]
[2019.12.12-08.21.36:422][  0]LogConfig: Setting CVar [[s.WarnIfTimeLimitExceeded:0]]
[2019.12.12-08.21.36:422][  0]LogConfig: Setting CVar [[s.TimeLimitExceededMultiplier:1.5]]
[2019.12.12-08.21.36:422][  0]LogConfig: Setting CVar [[s.TimeLimitExceededMinTime:0.005]]
[2019.12.12-08.21.36:422][  0]LogConfig: Setting CVar [[s.UseBackgroundLevelStreaming:1]]
[2019.12.12-08.21.36:422][  0]LogConfig: Setting CVar [[s.PriorityAsyncLoadingExtraTime:15.0]]
[2019.12.12-08.21.36:422][  0]LogConfig: Setting CVar [[s.LevelStreamingActorsUpdateTimeLimit:5.0]]
[2019.12.12-08.21.36:422][  0]LogConfig: Setting CVar [[s.PriorityLevelStreamingActorsUpdateExtraTime:5.0]]
[2019.12.12-08.21.36:422][  0]LogConfig: Setting CVar [[s.LevelStreamingComponentsRegistrationGranularity:10]]
[2019.12.12-08.21.36:422][  0]LogConfig: Setting CVar [[s.UnregisterComponentsTimeLimit:1.0]]
[2019.12.12-08.21.36:422][  0]LogConfig: Setting CVar [[s.LevelStreamingComponentsUnregistrationGranularity:5]]
[2019.12.12-08.21.36:422][  0]LogConfig: Applying CVar settings from Section [/Script/Engine.GarbageCollectionSettings] File [C:/Users/pau.andreotti/AndreottiPau/Github/BPOW_01_PAU_ANDREOTTI_BOSCH/Overwatch/Saved/Config/Windows/Engine.ini]
[2019.12.12-08.21.36:422][  0]LogConfig: Setting CVar [[gc.MaxObjectsNotConsideredByGC:1]]
[2019.12.12-08.21.36:422][  0]LogConfig: Setting CVar [[gc.SizeOfPermanentObjectPool:0]]
[2019.12.12-08.21.36:422][  0]LogConfig: Setting CVar [[gc.FlushStreamingOnGC:0]]
[2019.12.12-08.21.36:422][  0]LogConfig: Setting CVar [[gc.NumRetriesBeforeForcingGC:10]]
[2019.12.12-08.21.36:422][  0]LogConfig: Setting CVar [[gc.AllowParallelGC:1]]
[2019.12.12-08.21.36:422][  0]LogConfig: Setting CVar [[gc.TimeBetweenPurgingPendingKillObjects:61.1]]
[2019.12.12-08.21.36:422][  0]LogConfig: Setting CVar [[gc.MaxObjectsInEditor:16777216]]
[2019.12.12-08.21.36:422][  0]LogConfig: Setting CVar [[gc.IncrementalBeginDestroyEnabled:1]]
[2019.12.12-08.21.36:422][  0]LogConfig: Setting CVar [[gc.CreateGCClusters:1]]
[2019.12.12-08.21.36:422][  0]LogConfig: Setting CVar [[gc.MinGCClusterSize:5]]
[2019.12.12-08.21.36:422][  0]LogConfig: Setting CVar [[gc.ActorClusteringEnabled:0]]
[2019.12.12-08.21.36:422][  0]LogConfig: Setting CVar [[gc.BlueprintClusteringEnabled:0]]
[2019.12.12-08.21.36:422][  0]LogConfig: Setting CVar [[gc.UseDisregardForGCOnDedicatedServers:0]]
[2019.12.12-08.21.36:422][  0]LogConfig: Applying CVar settings from Section [/Script/Engine.NetworkSettings] File [C:/Users/pau.andreotti/AndreottiPau/Github/BPOW_01_PAU_ANDREOTTI_BOSCH/Overwatch/Saved/Config/Windows/Engine.ini]
[2019.12.12-08.21.36:422][  0]LogConfig: Applying CVar settings from Section [/Script/UnrealEd.CookerSettings] File [C:/Users/pau.andreotti/AndreottiPau/Github/BPOW_01_PAU_ANDREOTTI_BOSCH/Overwatch/Saved/Config/Windows/Engine.ini]
[2019.12.12-08.21.36:424][  0]LogConfig: Applying CVar settings from Section [ViewDistanceQuality@3] File [C:/Users/pau.andreotti/AndreottiPau/Github/BPOW_01_PAU_ANDREOTTI_BOSCH/Overwatch/Saved/Config/Windows/Scalability.ini]
[2019.12.12-08.21.36:424][  0]LogConfig: Setting CVar [[r.SkeletalMeshLODBias:0]]
[2019.12.12-08.21.36:424][  0]LogConfig: Setting CVar [[r.ViewDistanceScale:1.0]]
[2019.12.12-08.21.36:424][  0]LogConfig: Applying CVar settings from Section [AntiAliasingQuality@3] File [C:/Users/pau.andreotti/AndreottiPau/Github/BPOW_01_PAU_ANDREOTTI_BOSCH/Overwatch/Saved/Config/Windows/Scalability.ini]
[2019.12.12-08.21.36:424][  0]LogConfig: Setting CVar [[r.PostProcessAAQuality:4]]
[2019.12.12-08.21.36:424][  0]LogConfig: Applying CVar settings from Section [ShadowQuality@3] File [C:/Users/pau.andreotti/AndreottiPau/Github/BPOW_01_PAU_ANDREOTTI_BOSCH/Overwatch/Saved/Config/Windows/Scalability.ini]
[2019.12.12-08.21.36:424][  0]LogConfig: Setting CVar [[r.LightFunctionQuality:1]]
[2019.12.12-08.21.36:424][  0]LogConfig: Setting CVar [[r.ShadowQuality:5]]
[2019.12.12-08.21.36:424][  0]LogConfig: Setting CVar [[r.Shadow.CSM.MaxCascades:10]]
[2019.12.12-08.21.36:424][  0]LogConfig: Setting CVar [[r.Shadow.MaxResolution:2048]]
[2019.12.12-08.21.36:424][  0]LogConfig: Setting CVar [[r.Shadow.MaxCSMResolution:2048]]
[2019.12.12-08.21.36:424][  0]LogConfig: Setting CVar [[r.Shadow.RadiusThreshold:0.01]]
[2019.12.12-08.21.36:424][  0]LogConfig: Setting CVar [[r.Shadow.DistanceScale:1.0]]
[2019.12.12-08.21.36:425][  0]LogConfig: Setting CVar [[r.Shadow.CSM.TransitionScale:1.0]]
[2019.12.12-08.21.36:425][  0]LogConfig: Setting CVar [[r.Shadow.PreShadowResolutionFactor:1.0]]
[2019.12.12-08.21.36:425][  0]LogConfig: Setting CVar [[r.DistanceFieldShadowing:1]]
[2019.12.12-08.21.36:425][  0]LogConfig: Setting CVar [[r.DistanceFieldAO:1]]
[2019.12.12-08.21.36:425][  0]LogConfig: Setting CVar [[r.AOQuality:2]]
[2019.12.12-08.21.36:425][  0]LogConfig: Setting CVar [[r.VolumetricFog:1]]
[2019.12.12-08.21.36:425][  0]LogConfig: Setting CVar [[r.VolumetricFog.GridPixelSize:8]]
[2019.12.12-08.21.36:425][  0]LogConfig: Setting CVar [[r.VolumetricFog.GridSizeZ:128]]
[2019.12.12-08.21.36:425][  0]LogConfig: Setting CVar [[r.VolumetricFog.HistoryMissSupersampleCount:4]]
[2019.12.12-08.21.36:425][  0]LogConfig: Setting CVar [[r.LightMaxDrawDistanceScale:1]]
[2019.12.12-08.21.36:425][  0]LogConfig: Setting CVar [[r.CapsuleShadows:1]]
[2019.12.12-08.21.36:425][  0]LogConfig: Applying CVar settings from Section [PostProcessQuality@3] File [C:/Users/pau.andreotti/AndreottiPau/Github/BPOW_01_PAU_ANDREOTTI_BOSCH/Overwatch/Saved/Config/Windows/Scalability.ini]
[2019.12.12-08.21.36:425][  0]LogConfig: Setting CVar [[r.MotionBlurQuality:4]]
[2019.12.12-08.21.36:425][  0]LogConfig: Setting CVar [[r.AmbientOcclusionMipLevelFactor:0.4]]
[2019.12.12-08.21.36:425][  0]LogConfig: Setting CVar [[r.AmbientOcclusionMaxQuality:100]]
[2019.12.12-08.21.36:425][  0]LogConfig: Setting CVar [[r.AmbientOcclusionLevels:-1]]
[2019.12.12-08.21.36:425][  0]LogConfig: Setting CVar [[r.AmbientOcclusionRadiusScale:1.0]]
[2019.12.12-08.21.36:425][  0]LogConfig: Setting CVar [[r.DepthOfFieldQuality:2]]
[2019.12.12-08.21.36:425][  0]LogConfig: Setting CVar [[r.RenderTargetPoolMin:400]]
[2019.12.12-08.21.36:425][  0]LogConfig: Setting CVar [[r.LensFlareQuality:2]]
[2019.12.12-08.21.36:425][  0]LogConfig: Setting CVar [[r.SceneColorFringeQuality:1]]
[2019.12.12-08.21.36:425][  0]LogConfig: Setting CVar [[r.EyeAdaptationQuality:2]]
[2019.12.12-08.21.36:425][  0]LogConfig: Setting CVar [[r.BloomQuality:5]]
[2019.12.12-08.21.36:425][  0]LogConfig: Setting CVar [[r.FastBlurThreshold:100]]
[2019.12.12-08.21.36:425][  0]LogConfig: Setting CVar [[r.Upscale.Quality:3]]
[2019.12.12-08.21.36:425][  0]LogConfig: Setting CVar [[r.Tonemapper.GrainQuantization:1]]
[2019.12.12-08.21.36:425][  0]LogConfig: Setting CVar [[r.LightShaftQuality:1]]
[2019.12.12-08.21.36:425][  0]LogConfig: Setting CVar [[r.Filter.SizeScale:1]]
[2019.12.12-08.21.36:425][  0]LogConfig: Setting CVar [[r.Tonemapper.Quality:5]]
[2019.12.12-08.21.36:425][  0]LogConfig: Setting CVar [[r.DOF.Gather.AccumulatorQuality:1        ; higher gathering accumulator quality]]
[2019.12.12-08.21.36:425][  0]LogConfig: Setting CVar [[r.DOF.Gather.PostfilterMethod:1          ; Median3x3 postfilering method]]
[2019.12.12-08.21.36:425][  0]LogConfig: Setting CVar [[r.DOF.Gather.EnableBokehSettings:0       ; no bokeh simulation when gathering]]
[2019.12.12-08.21.36:425][  0]LogConfig: Setting CVar [[r.DOF.Gather.RingCount:4                 ; medium number of samples when gathering]]
[2019.12.12-08.21.36:425][  0]LogConfig: Setting CVar [[r.DOF.Scatter.ForegroundCompositing:1    ; additive foreground scattering]]
[2019.12.12-08.21.36:425][  0]LogConfig: Setting CVar [[r.DOF.Scatter.BackgroundCompositing:2    ; additive background scattering]]
[2019.12.12-08.21.36:425][  0]LogConfig: Setting CVar [[r.DOF.Scatter.EnableBokehSettings:1      ; bokeh simulation when scattering]]
[2019.12.12-08.21.36:425][  0]LogConfig: Setting CVar [[r.DOF.Scatter.MaxSpriteRatio:0.1         ; only a maximum of 10% of scattered bokeh]]
[2019.12.12-08.21.36:425][  0]LogConfig: Setting CVar [[r.DOF.Recombine.Quality:1                ; cheap slight out of focus]]
[2019.12.12-08.21.36:425][  0]LogConfig: Setting CVar [[r.DOF.Recombine.EnableBokehSettings:0    ; no bokeh simulation on slight out of focus]]
[2019.12.12-08.21.36:425][  0]LogConfig: Setting CVar [[r.DOF.TemporalAAQuality:1                ; more stable temporal accumulation]]
[2019.12.12-08.21.36:425][  0]LogConfig: Setting CVar [[r.DOF.Kernel.MaxForegroundRadius:0.025]]
[2019.12.12-08.21.36:425][  0]LogConfig: Setting CVar [[r.DOF.Kernel.MaxBackgroundRadius:0.025]]
[2019.12.12-08.21.36:425][  0]LogConfig: Applying CVar settings from Section [TextureQuality@3] File [C:/Users/pau.andreotti/AndreottiPau/Github/BPOW_01_PAU_ANDREOTTI_BOSCH/Overwatch/Saved/Config/Windows/Scalability.ini]
[2019.12.12-08.21.36:425][  0]LogConfig: Setting CVar [[r.Streaming.MipBias:0]]
[2019.12.12-08.21.36:425][  0]LogConfig: Setting CVar [[r.Streaming.AmortizeCPUToGPUCopy:0]]
[2019.12.12-08.21.36:425][  0]LogConfig: Setting CVar [[r.Streaming.MaxNumTexturesToStreamPerFrame:0]]
[2019.12.12-08.21.36:425][  0]LogConfig: Setting CVar [[r.Streaming.Boost:1]]
[2019.12.12-08.21.36:425][  0]LogConfig: Setting CVar [[r.MaxAnisotropy:8]]
[2019.12.12-08.21.36:425][  0]LogConfig: Setting CVar [[r.Streaming.LimitPoolSizeToVRAM:0]]
[2019.12.12-08.21.36:425][  0]LogConfig: Setting CVar [[r.Streaming.PoolSize:1000]]
[2019.12.12-08.21.36:425][  0]LogConfig: Setting CVar [[r.Streaming.MaxEffectiveScreenSize:0]]
[2019.12.12-08.21.36:425][  0]LogConfig: Applying CVar settings from Section [EffectsQuality@3] File [C:/Users/pau.andreotti/AndreottiPau/Github/BPOW_01_PAU_ANDREOTTI_BOSCH/Overwatch/Saved/Config/Windows/Scalability.ini]
[2019.12.12-08.21.36:425][  0]LogConfig: Setting CVar [[r.TranslucencyLightingVolumeDim:64]]
[2019.12.12-08.21.36:425][  0]LogConfig: Setting CVar [[r.RefractionQuality:2]]
[2019.12.12-08.21.36:425][  0]LogConfig: Setting CVar [[r.SSR.Quality:3]]
[2019.12.12-08.21.36:425][  0]LogConfig: Setting CVar [[r.SceneColorFormat:4]]
[2019.12.12-08.21.36:425][  0]LogConfig: Setting CVar [[r.DetailMode:2]]
[2019.12.12-08.21.36:425][  0]LogConfig: Setting CVar [[r.TranslucencyVolumeBlur:1]]
[2019.12.12-08.21.36:425][  0]LogConfig: Setting CVar [[r.MaterialQualityLevel:1 ; High quality]]
[2019.12.12-08.21.36:425][  0]LogConfig: Setting CVar [[r.SSS.Scale:1]]
[2019.12.12-08.21.36:425][  0]LogConfig: Setting CVar [[r.SSS.SampleSet:2]]
[2019.12.12-08.21.36:425][  0]LogConfig: Setting CVar [[r.SSS.Quality:1]]
[2019.12.12-08.21.36:425][  0]LogConfig: Setting CVar [[r.SSS.HalfRes:1]]
[2019.12.12-08.21.36:425][  0]LogConfig: Setting CVar [[r.EmitterSpawnRateScale:1.0]]
[2019.12.12-08.21.36:425][  0]LogConfig: Setting CVar [[r.ParticleLightQuality:2]]
[2019.12.12-08.21.36:425][  0]LogConfig: Applying CVar settings from Section [FoliageQuality@3] File [C:/Users/pau.andreotti/AndreottiPau/Github/BPOW_01_PAU_ANDREOTTI_BOSCH/Overwatch/Saved/Config/Windows/Scalability.ini]
[2019.12.12-08.21.36:425][  0]LogConfig: Setting CVar [[foliage.DensityScale:1.0]]
[2019.12.12-08.21.36:425][  0]LogConfig: Setting CVar [[grass.DensityScale:1.0]]
[2019.12.12-08.21.36:425][  0]LogInit: Selected Device Profile: [Windows]
[2019.12.12-08.21.36:425][  0]LogInit: Applying CVar settings loaded from the selected device profile: [Windows]
[2019.12.12-08.21.36:450][  0]LogHAL: Display: Platform has ~ 16 GB [17113956352 / 17179869184 / 16], which maps to Larger [LargestMinGB=32, LargerMinGB=12, DefaultMinGB=8, SmallerMinGB=6, SmallestMinGB=0)
[2019.12.12-08.21.36:450][  0]LogConfig: Setting CVar [[r.Vulkan.UseRealUBs:0		; Required until we fix HLR fall-out]]
[2019.12.12-08.21.36:450][  0]LogInit: Going up to parent DeviceProfile []
[2019.12.12-08.21.36:450][  0]LogConfig: Applying CVar settings from Section [ViewDistanceQuality@3] File [C:/Users/pau.andreotti/AndreottiPau/Github/BPOW_01_PAU_ANDREOTTI_BOSCH/Overwatch/Saved/Config/Windows/Scalability.ini]
[2019.12.12-08.21.36:450][  0]LogConfig: Setting CVar [[r.SkeletalMeshLODBias:0]]
[2019.12.12-08.21.36:450][  0]LogConfig: Setting CVar [[r.ViewDistanceScale:1.0]]
[2019.12.12-08.21.36:450][  0]LogConfig: Applying CVar settings from Section [AntiAliasingQuality@3] File [C:/Users/pau.andreotti/AndreottiPau/Github/BPOW_01_PAU_ANDREOTTI_BOSCH/Overwatch/Saved/Config/Windows/Scalability.ini]
[2019.12.12-08.21.36:450][  0]LogConfig: Setting CVar [[r.PostProcessAAQuality:4]]
[2019.12.12-08.21.36:450][  0]LogConfig: Applying CVar settings from Section [ShadowQuality@3] File [C:/Users/pau.andreotti/AndreottiPau/Github/BPOW_01_PAU_ANDREOTTI_BOSCH/Overwatch/Saved/Config/Windows/Scalability.ini]
[2019.12.12-08.21.36:450][  0]LogConfig: Setting CVar [[r.LightFunctionQuality:1]]
[2019.12.12-08.21.36:450][  0]LogConfig: Setting CVar [[r.ShadowQuality:5]]
[2019.12.12-08.21.36:450][  0]LogConfig: Setting CVar [[r.Shadow.CSM.MaxCascades:10]]
[2019.12.12-08.21.36:450][  0]LogConfig: Setting CVar [[r.Shadow.MaxResolution:2048]]
[2019.12.12-08.21.36:450][  0]LogConfig: Setting CVar [[r.Shadow.MaxCSMResolution:2048]]
[2019.12.12-08.21.36:450][  0]LogConfig: Setting CVar [[r.Shadow.RadiusThreshold:0.01]]
[2019.12.12-08.21.36:450][  0]LogConfig: Setting CVar [[r.Shadow.DistanceScale:1.0]]
[2019.12.12-08.21.36:450][  0]LogConfig: Setting CVar [[r.Shadow.CSM.TransitionScale:1.0]]
[2019.12.12-08.21.36:450][  0]LogConfig: Setting CVar [[r.Shadow.PreShadowResolutionFactor:1.0]]
[2019.12.12-08.21.36:450][  0]LogConfig: Setting CVar [[r.DistanceFieldShadowing:1]]
[2019.12.12-08.21.36:450][  0]LogConfig: Setting CVar [[r.DistanceFieldAO:1]]
[2019.12.12-08.21.36:450][  0]LogConfig: Setting CVar [[r.AOQuality:2]]
[2019.12.12-08.21.36:450][  0]LogConfig: Setting CVar [[r.VolumetricFog:1]]
[2019.12.12-08.21.36:450][  0]LogConfig: Setting CVar [[r.VolumetricFog.GridPixelSize:8]]
[2019.12.12-08.21.36:450][  0]LogConfig: Setting CVar [[r.VolumetricFog.GridSizeZ:128]]
[2019.12.12-08.21.36:450][  0]LogConfig: Setting CVar [[r.VolumetricFog.HistoryMissSupersampleCount:4]]
[2019.12.12-08.21.36:450][  0]LogConfig: Setting CVar [[r.LightMaxDrawDistanceScale:1]]
[2019.12.12-08.21.36:450][  0]LogConfig: Setting CVar [[r.CapsuleShadows:1]]
[2019.12.12-08.21.36:450][  0]LogConfig: Applying CVar settings from Section [PostProcessQuality@3] File [C:/Users/pau.andreotti/AndreottiPau/Github/BPOW_01_PAU_ANDREOTTI_BOSCH/Overwatch/Saved/Config/Windows/Scalability.ini]
[2019.12.12-08.21.36:450][  0]LogConfig: Setting CVar [[r.MotionBlurQuality:4]]
[2019.12.12-08.21.36:450][  0]LogConfig: Setting CVar [[r.AmbientOcclusionMipLevelFactor:0.4]]
[2019.12.12-08.21.36:450][  0]LogConfig: Setting CVar [[r.AmbientOcclusionMaxQuality:100]]
[2019.12.12-08.21.36:450][  0]LogConfig: Setting CVar [[r.AmbientOcclusionLevels:-1]]
[2019.12.12-08.21.36:450][  0]LogConfig: Setting CVar [[r.AmbientOcclusionRadiusScale:1.0]]
[2019.12.12-08.21.36:450][  0]LogConfig: Setting CVar [[r.DepthOfFieldQuality:2]]
[2019.12.12-08.21.36:450][  0]LogConfig: Setting CVar [[r.RenderTargetPoolMin:400]]
[2019.12.12-08.21.36:450][  0]LogConfig: Setting CVar [[r.LensFlareQuality:2]]
[2019.12.12-08.21.36:450][  0]LogConfig: Setting CVar [[r.SceneColorFringeQuality:1]]
[2019.12.12-08.21.36:450][  0]LogConfig: Setting CVar [[r.EyeAdaptationQuality:2]]
[2019.12.12-08.21.36:450][  0]LogConfig: Setting CVar [[r.BloomQuality:5]]
[2019.12.12-08.21.36:450][  0]LogConfig: Setting CVar [[r.FastBlurThreshold:100]]
[2019.12.12-08.21.36:450][  0]LogConfig: Setting CVar [[r.Upscale.Quality:3]]
[2019.12.12-08.21.36:450][  0]LogConfig: Setting CVar [[r.Tonemapper.GrainQuantization:1]]
[2019.12.12-08.21.36:451][  0]LogConfig: Setting CVar [[r.LightShaftQuality:1]]
[2019.12.12-08.21.36:451][  0]LogConfig: Setting CVar [[r.Filter.SizeScale:1]]
[2019.12.12-08.21.36:451][  0]LogConfig: Setting CVar [[r.Tonemapper.Quality:5]]
[2019.12.12-08.21.36:451][  0]LogConfig: Setting CVar [[r.DOF.Gather.AccumulatorQuality:1        ; higher gathering accumulator quality]]
[2019.12.12-08.21.36:451][  0]LogConfig: Setting CVar [[r.DOF.Gather.PostfilterMethod:1          ; Median3x3 postfilering method]]
[2019.12.12-08.21.36:451][  0]LogConfig: Setting CVar [[r.DOF.Gather.EnableBokehSettings:0       ; no bokeh simulation when gathering]]
[2019.12.12-08.21.36:451][  0]LogConfig: Setting CVar [[r.DOF.Gather.RingCount:4                 ; medium number of samples when gathering]]
[2019.12.12-08.21.36:451][  0]LogConfig: Setting CVar [[r.DOF.Scatter.ForegroundCompositing:1    ; additive foreground scattering]]
[2019.12.12-08.21.36:451][  0]LogConfig: Setting CVar [[r.DOF.Scatter.BackgroundCompositing:2    ; additive background scattering]]
[2019.12.12-08.21.36:451][  0]LogConfig: Setting CVar [[r.DOF.Scatter.EnableBokehSettings:1      ; bokeh simulation when scattering]]
[2019.12.12-08.21.36:451][  0]LogConfig: Setting CVar [[r.DOF.Scatter.MaxSpriteRatio:0.1         ; only a maximum of 10% of scattered bokeh]]
[2019.12.12-08.21.36:451][  0]LogConfig: Setting CVar [[r.DOF.Recombine.Quality:1                ; cheap slight out of focus]]
[2019.12.12-08.21.36:451][  0]LogConfig: Setting CVar [[r.DOF.Recombine.EnableBokehSettings:0    ; no bokeh simulation on slight out of focus]]
[2019.12.12-08.21.36:451][  0]LogConfig: Setting CVar [[r.DOF.TemporalAAQuality:1                ; more stable temporal accumulation]]
[2019.12.12-08.21.36:451][  0]LogConfig: Setting CVar [[r.DOF.Kernel.MaxForegroundRadius:0.025]]
[2019.12.12-08.21.36:451][  0]LogConfig: Setting CVar [[r.DOF.Kernel.MaxBackgroundRadius:0.025]]
[2019.12.12-08.21.36:451][  0]LogConfig: Applying CVar settings from Section [TextureQuality@3] File [C:/Users/pau.andreotti/AndreottiPau/Github/BPOW_01_PAU_ANDREOTTI_BOSCH/Overwatch/Saved/Config/Windows/Scalability.ini]
[2019.12.12-08.21.36:451][  0]LogConfig: Setting CVar [[r.Streaming.MipBias:0]]
[2019.12.12-08.21.36:451][  0]LogConfig: Setting CVar [[r.Streaming.AmortizeCPUToGPUCopy:0]]
[2019.12.12-08.21.36:451][  0]LogConfig: Setting CVar [[r.Streaming.MaxNumTexturesToStreamPerFrame:0]]
[2019.12.12-08.21.36:451][  0]LogConfig: Setting CVar [[r.Streaming.Boost:1]]
[2019.12.12-08.21.36:451][  0]LogConfig: Setting CVar [[r.MaxAnisotropy:8]]
[2019.12.12-08.21.36:451][  0]LogConfig: Setting CVar [[r.Streaming.LimitPoolSizeToVRAM:0]]
[2019.12.12-08.21.36:451][  0]LogConfig: Setting CVar [[r.Streaming.PoolSize:1000]]
[2019.12.12-08.21.36:451][  0]LogConfig: Setting CVar [[r.Streaming.MaxEffectiveScreenSize:0]]
[2019.12.12-08.21.36:451][  0]LogConfig: Applying CVar settings from Section [EffectsQuality@3] File [C:/Users/pau.andreotti/AndreottiPau/Github/BPOW_01_PAU_ANDREOTTI_BOSCH/Overwatch/Saved/Config/Windows/Scalability.ini]
[2019.12.12-08.21.36:451][  0]LogConfig: Setting CVar [[r.TranslucencyLightingVolumeDim:64]]
[2019.12.12-08.21.36:451][  0]LogConfig: Setting CVar [[r.RefractionQuality:2]]
[2019.12.12-08.21.36:451][  0]LogConfig: Setting CVar [[r.SSR.Quality:3]]
[2019.12.12-08.21.36:451][  0]LogConfig: Setting CVar [[r.SceneColorFormat:4]]
[2019.12.12-08.21.36:451][  0]LogConfig: Setting CVar [[r.DetailMode:2]]
[2019.12.12-08.21.36:451][  0]LogConfig: Setting CVar [[r.TranslucencyVolumeBlur:1]]
[2019.12.12-08.21.36:451][  0]LogConfig: Setting CVar [[r.MaterialQualityLevel:1 ; High quality]]
[2019.12.12-08.21.36:451][  0]LogConfig: Setting CVar [[r.SSS.Scale:1]]
[2019.12.12-08.21.36:451][  0]LogConfig: Setting CVar [[r.SSS.SampleSet:2]]
[2019.12.12-08.21.36:451][  0]LogConfig: Setting CVar [[r.SSS.Quality:1]]
[2019.12.12-08.21.36:451][  0]LogConfig: Setting CVar [[r.SSS.HalfRes:1]]
[2019.12.12-08.21.36:451][  0]LogConfig: Setting CVar [[r.EmitterSpawnRateScale:1.0]]
[2019.12.12-08.21.36:451][  0]LogConfig: Setting CVar [[r.ParticleLightQuality:2]]
[2019.12.12-08.21.36:451][  0]LogConfig: Applying CVar settings from Section [FoliageQuality@3] File [C:/Users/pau.andreotti/AndreottiPau/Github/BPOW_01_PAU_ANDREOTTI_BOSCH/Overwatch/Saved/Config/Windows/Scalability.ini]
[2019.12.12-08.21.36:451][  0]LogConfig: Setting CVar [[foliage.DensityScale:1.0]]
[2019.12.12-08.21.36:451][  0]LogConfig: Setting CVar [[grass.DensityScale:1.0]]
[2019.12.12-08.21.36:451][  0]LogConfig: Applying CVar settings from Section [Startup] File [../../../Engine/Config/ConsoleVariables.ini]
[2019.12.12-08.21.36:451][  0]LogConfig: Setting CVar [[net.UseAdaptiveNetUpdateFrequency:0]]
[2019.12.12-08.21.36:452][  0]LogConfig: Setting CVar [[p.chaos.AllowCreatePhysxBodies:1]]
[2019.12.12-08.21.36:452][  0]LogConfig: Applying CVar settings from Section [ConsoleVariables] File [C:/Users/pau.andreotti/AndreottiPau/Github/BPOW_01_PAU_ANDREOTTI_BOSCH/Overwatch/Saved/Config/Windows/Engine.ini]
[2019.12.12-08.21.36:452][  0]LogInit: Computer: S2-17
[2019.12.12-08.21.36:452][  0]LogInit: User: pauandreotti
[2019.12.12-08.21.36:452][  0]LogInit: CPU Page size=4096, Cores=6
[2019.12.12-08.21.36:452][  0]LogInit: High frequency timer resolution =10.000000 MHz
[2019.12.12-08.21.36:452][  0]LogMemory: Memory total: Physical=15.9GB (16GB approx)
[2019.12.12-08.21.36:452][  0]LogMemory: Platform Memory Stats for Windows
[2019.12.12-08.21.36:452][  0]LogMemory: Process Physical Memory: 100.02 MB used, 100.02 MB peak
[2019.12.12-08.21.36:452][  0]LogMemory: Process Virtual Memory: 96.84 MB used, 96.84 MB peak
[2019.12.12-08.21.36:452][  0]LogMemory: Physical Memory: 5331.82 MB used,  10989.32 MB free, 16321.14 MB total
[2019.12.12-08.21.36:452][  0]LogMemory: Virtual Memory: 4681.70 MB used,  134213048.00 MB free, 134217728.00 MB total
[2019.12.12-08.21.36:483][  0]LogInit: Using OS detected language (en-US).
[2019.12.12-08.21.36:483][  0]LogInit: Using OS detected locale (es-ES).
[2019.12.12-08.21.36:484][  0]LogTextLocalizationManager: No specific localization for 'en-US' exists, so the 'en' localization will be used.
[2019.12.12-08.21.36:639][  0]LogInit: Setting process to per monitor DPI aware
[2019.12.12-08.21.36:686][  0]LogSlate: New Slate User Created.  User Index 0, Is Virtual User: 0
[2019.12.12-08.21.36:686][  0]LogSlate: Slate User Registered.  User Index 0, Is Virtual User: 0
[2019.12.12-08.21.37:024][  0]LogHMD: Failed to initialize OpenVR with code 110
[2019.12.12-08.21.37:024][  0]LogD3D11RHI: D3D11 adapters:
[2019.12.12-08.21.37:099][  0]LogD3D11RHI:    0. 'NVIDIA GeForce GTX 1060 3GB' (Feature Level 11_0)
[2019.12.12-08.21.37:099][  0]LogD3D11RHI:       2988/0/8160 MB DedicatedVideo/DedicatedSystem/SharedSystem, Outputs:1, VendorId:0x10de
[2019.12.12-08.21.37:102][  0]LogD3D11RHI:    1. 'Microsoft Basic Render Driver' (Feature Level 11_0)
[2019.12.12-08.21.37:102][  0]LogD3D11RHI:       0/0/8160 MB DedicatedVideo/DedicatedSystem/SharedSystem, Outputs:0, VendorId:0x1414
[2019.12.12-08.21.37:102][  0]LogD3D11RHI: Chosen D3D11 Adapter: 0
[2019.12.12-08.21.37:109][  0]LogD3D11RHI: Creating new Direct3DDevice
[2019.12.12-08.21.37:109][  0]LogD3D11RHI:     GPU DeviceId: 0x1c02 (for the marketing name, search the web for "GPU Device Id")
[2019.12.12-08.21.37:109][  0]LogWindows: EnumDisplayDevices:
[2019.12.12-08.21.37:109][  0]LogWindows:    0. 'NVIDIA GeForce GTX 1060 3GB' (P:1 D:1)
[2019.12.12-08.21.37:109][  0]LogWindows:    1. 'NVIDIA GeForce GTX 1060 3GB' (P:0 D:0)
[2019.12.12-08.21.37:109][  0]LogWindows:    2. 'NVIDIA GeForce GTX 1060 3GB' (P:0 D:0)
[2019.12.12-08.21.37:109][  0]LogWindows:    3. 'NVIDIA GeForce GTX 1060 3GB' (P:0 D:0)
[2019.12.12-08.21.37:110][  0]LogWindows: DebugString: FoundDriverCount:4 
[2019.12.12-08.21.37:110][  0]LogD3D11RHI:     Adapter Name: NVIDIA GeForce GTX 1060 3GB
[2019.12.12-08.21.37:110][  0]LogD3D11RHI:   Driver Version: 399.24 (internal:24.21.13.9924, unified:399.24)
[2019.12.12-08.21.37:110][  0]LogD3D11RHI:      Driver Date: 9-5-2018
[2019.12.12-08.21.37:110][  0]LogRHI: Texture pool is 2091 MB (70% of 2988 MB)
[2019.12.12-08.21.37:159][  0]LogD3D11RHI: Async texture creation enabled
[2019.12.12-08.21.37:162][  0]LogRendererCore: FGlobalReadBuffer::InitRHI
[2019.12.12-08.21.37:163][  0]LogRendererCore: FGlobalReadBuffer::InitRHI
[2019.12.12-08.21.37:163][  0]LogRendererCore: FGlobalReadBuffer::InitRHI
[2019.12.12-08.21.37:176][  0]LogD3D11RHI: GPU Timing Frequency: 1000.000000 (Debug: 2 2)
[2019.12.12-08.21.37:488][  0]LogTemp: Display: Module 'AllDesktopTargetPlatform' loaded TargetPlatform 'AllDesktop'
[2019.12.12-08.21.37:509][  0]LogTemp: Display: Module 'MacClientTargetPlatform' loaded TargetPlatform 'MacClient'
[2019.12.12-08.21.37:530][  0]LogTemp: Display: Module 'MacNoEditorTargetPlatform' loaded TargetPlatform 'MacNoEditor'
[2019.12.12-08.21.37:550][  0]LogTemp: Display: Module 'MacServerTargetPlatform' loaded TargetPlatform 'MacServer'
[2019.12.12-08.21.37:571][  0]LogTemp: Display: Module 'MacTargetPlatform' loaded TargetPlatform 'Mac'
[2019.12.12-08.21.37:592][  0]LogTemp: Display: Module 'WindowsClientTargetPlatform' loaded TargetPlatform 'WindowsClient'
[2019.12.12-08.21.37:613][  0]LogTemp: Display: Module 'WindowsNoEditorTargetPlatform' loaded TargetPlatform 'WindowsNoEditor'
[2019.12.12-08.21.37:633][  0]LogTemp: Display: Module 'WindowsServerTargetPlatform' loaded TargetPlatform 'WindowsServer'
[2019.12.12-08.21.37:643][  0]LogTemp: Display: Module 'WindowsTargetPlatform' loaded TargetPlatform 'Windows'
[2019.12.12-08.21.37:771][  0]LogTemp: Display: Module 'AndroidTargetPlatform' loaded TargetPlatform 'Android'
[2019.12.12-08.21.37:771][  0]LogTemp: Display: Module 'AndroidTargetPlatform' loaded TargetPlatform 'Android_ASTC'
[2019.12.12-08.21.37:771][  0]LogTemp: Display: Module 'AndroidTargetPlatform' loaded TargetPlatform 'Android_ATC'
[2019.12.12-08.21.37:771][  0]LogTemp: Display: Module 'AndroidTargetPlatform' loaded TargetPlatform 'Android_DXT'
[2019.12.12-08.21.37:771][  0]LogTemp: Display: Module 'AndroidTargetPlatform' loaded TargetPlatform 'Android_ETC1'
[2019.12.12-08.21.37:771][  0]LogTemp: Display: Module 'AndroidTargetPlatform' loaded TargetPlatform 'Android_ETC1a'
[2019.12.12-08.21.37:771][  0]LogTemp: Display: Module 'AndroidTargetPlatform' loaded TargetPlatform 'Android_ETC2'
[2019.12.12-08.21.37:771][  0]LogTemp: Display: Module 'AndroidTargetPlatform' loaded TargetPlatform 'Android_PVRTC'
[2019.12.12-08.21.37:771][  0]LogTemp: Display: Module 'AndroidTargetPlatform' loaded TargetPlatform 'AndroidClient'
[2019.12.12-08.21.37:771][  0]LogTemp: Display: Module 'AndroidTargetPlatform' loaded TargetPlatform 'Android_ASTCClient'
[2019.12.12-08.21.37:771][  0]LogTemp: Display: Module 'AndroidTargetPlatform' loaded TargetPlatform 'Android_ATCClient'
[2019.12.12-08.21.37:771][  0]LogTemp: Display: Module 'AndroidTargetPlatform' loaded TargetPlatform 'Android_DXTClient'
[2019.12.12-08.21.37:771][  0]LogTemp: Display: Module 'AndroidTargetPlatform' loaded TargetPlatform 'Android_ETC1Client'
[2019.12.12-08.21.37:771][  0]LogTemp: Display: Module 'AndroidTargetPlatform' loaded TargetPlatform 'Android_ETC1aClient'
[2019.12.12-08.21.37:771][  0]LogTemp: Display: Module 'AndroidTargetPlatform' loaded TargetPlatform 'Android_ETC2Client'
[2019.12.12-08.21.37:771][  0]LogTemp: Display: Module 'AndroidTargetPlatform' loaded TargetPlatform 'Android_PVRTCClient'
[2019.12.12-08.21.37:771][  0]LogTemp: Display: Module 'AndroidTargetPlatform' loaded TargetPlatform 'Android_Multi'
[2019.12.12-08.21.37:771][  0]LogTemp: Display: Module 'AndroidTargetPlatform' loaded TargetPlatform 'Android_MultiClient'
[2019.12.12-08.21.37:776][  0]LogTemp: Display: Module 'HTML5TargetPlatform' loaded TargetPlatform 'HTML5'
[2019.12.12-08.21.37:838][  0]LogTemp: Display: Module 'IOSTargetPlatform' loaded TargetPlatform 'IOSClient'
[2019.12.12-08.21.37:838][  0]LogTemp: Display: Module 'IOSTargetPlatform' loaded TargetPlatform 'IOS'
[2019.12.12-08.21.37:878][  0]LogTemp: Display: Module 'TVOSTargetPlatform' loaded TargetPlatform 'TVOSClient'
[2019.12.12-08.21.37:878][  0]LogTemp: Display: Module 'TVOSTargetPlatform' loaded TargetPlatform 'TVOS'
[2019.12.12-08.21.37:897][  0]LogTemp: Display: Module 'LinuxClientTargetPlatform' loaded TargetPlatform 'LinuxClient'
[2019.12.12-08.21.37:916][  0]LogTemp: Display: Module 'LinuxNoEditorTargetPlatform' loaded TargetPlatform 'LinuxNoEditor'
[2019.12.12-08.21.37:935][  0]LogTemp: Display: Module 'LinuxServerTargetPlatform' loaded TargetPlatform 'LinuxServer'
[2019.12.12-08.21.37:955][  0]LogTemp: Display: Module 'LinuxTargetPlatform' loaded TargetPlatform 'Linux'
[2019.12.12-08.21.38:025][  0]LogTemp: Display: Module 'LuminTargetPlatform' loaded TargetPlatform 'Lumin'
[2019.12.12-08.21.38:025][  0]LogTemp: Display: Module 'LuminTargetPlatform' loaded TargetPlatform 'LuminClient'
[2019.12.12-08.21.38:026][  0]LogTargetPlatformManager: Display: Building Assets For Windows
[2019.12.12-08.21.38:039][  0]LogAudioDebug: Display: Lib vorbis DLL was dynamically loaded.
[2019.12.12-08.21.38:129][  0]LogShaderCompilers: Guid format shader working directory is -42 characters bigger than the processId version (../../../../../../Users/pau.andreotti/AndreottiPau/Github/BPOW_01_PAU_ANDREOTTI_BOSCH/Overwatch/Intermediate/Shaders/WorkingDirectory/12888/).
[2019.12.12-08.21.38:129][  0]LogShaderCompilers: Cleaned the shader compiler working directory 'C:/Users/pau.andreotti/AppData/Local/Temp/UnrealShaderWorkingDir/9ACA9B284CFC4B51CE794FA69CAEF7C8/'.
[2019.12.12-08.21.38:132][  0]LogXGEController: Cannot use XGE Controller as Incredibuild is not installed on this machine.
[2019.12.12-08.21.38:132][  0]LogShaderCompilers: Cannot use XGE Shader Compiler as Incredibuild is not installed on this machine.
[2019.12.12-08.21.38:132][  0]LogShaderCompilers: Display: Using Local Shader Compiler.
[2019.12.12-08.21.38:769][  0]LogDerivedDataCache: Display: Max Cache Size: 512 MB
[2019.12.12-08.21.38:810][  0]LogDerivedDataCache: Loaded boot cache 0.04s 71MB C:/Users/pau.andreotti/AppData/Local/UnrealEngine/4.22/DerivedDataCache/Boot.ddc.
[2019.12.12-08.21.38:810][  0]LogDerivedDataCache: Display: Loaded Boot cache: C:/Users/pau.andreotti/AppData/Local/UnrealEngine/4.22/DerivedDataCache/Boot.ddc
[2019.12.12-08.21.38:811][  0]LogDerivedDataCache: FDerivedDataBackendGraph:  Pak pak cache file ../../../../../../Users/pau.andreotti/AndreottiPau/Github/BPOW_01_PAU_ANDREOTTI_BOSCH/Overwatch/DerivedDataCache/DDC.ddp not found, will not use a pak cache.
[2019.12.12-08.21.38:811][  0]LogDerivedDataCache: Unable to find inner node Pak for hierarchical cache Hierarchy.
[2019.12.12-08.21.38:811][  0]LogDerivedDataCache: FDerivedDataBackendGraph:  CompressedPak pak cache file ../../../../../../Users/pau.andreotti/AndreottiPau/Github/BPOW_01_PAU_ANDREOTTI_BOSCH/Overwatch/DerivedDataCache/Compressed.ddp not found, will not use a pak cache.
[2019.12.12-08.21.38:811][  0]LogDerivedDataCache: Unable to find inner node CompressedPak for hierarchical cache Hierarchy.
[2019.12.12-08.21.38:825][  0]LogDerivedDataCache: Display: Pak cache opened for reading ../../../Engine/DerivedDataCache/Compressed.ddp.
[2019.12.12-08.21.38:829][  0]LogDerivedDataCache: Display: Pak cache opened for reading ../../../Enterprise/DerivedDataCache/Compressed.ddp.
[2019.12.12-08.21.38:842][  0]LogDerivedDataCache: Using Local data cache path C:/Users/pau.andreotti/AppData/Local/UnrealEngine/Common/DerivedDataCache: Writable
[2019.12.12-08.21.38:842][  0]LogDerivedDataCache: Shared data cache path not found in *engine.ini, will not use an Shared cache.
[2019.12.12-08.21.38:842][  0]LogDerivedDataCache: Unable to find inner node Shared for hierarchical cache Hierarchy.
[2019.12.12-08.21.38:867][  0]LogMaterial: Verifying Global Shaders for PCD3D_SM5
[2019.12.12-08.21.38:868][  0]LogSlate: Using FreeType 2.6.0
[2019.12.12-08.21.38:869][  0]LogSlate: SlateFontServices - WITH_FREETYPE: 1, WITH_HARFBUZZ: 1
[2019.12.12-08.21.38:983][  0]LogAssetRegistry: FAssetRegistry took 0.0393 seconds to start up
[2019.12.12-08.21.39:500][  0]LogInit: Selected Device Profile: [Windows]
[2019.12.12-08.21.39:673][  0]LogMeshReduction: Using QuadricMeshReduction for automatic static mesh reduction
[2019.12.12-08.21.39:673][  0]LogMeshReduction: Using SimplygonMeshReduction for automatic skeletal mesh reduction
[2019.12.12-08.21.39:673][  0]LogMeshReduction: Using ProxyLODMeshReduction for automatic mesh merging
[2019.12.12-08.21.39:673][  0]LogMeshReduction: No distributed automatic mesh merging module available
[2019.12.12-08.21.39:673][  0]LogMeshMerging: No distributed automatic mesh merging module available
[2019.12.12-08.21.39:686][  0]LogNetVersion: Overwatch 1.0.0, NetCL: 5660361, EngineNetVer: 10, GameNetVer: 0 (Checksum: 3242381642)
[2019.12.12-08.21.40:197][  0]LogPackageLocalizationCache: Processed 10 localized package path(s) for 1 prioritized culture(s) in 0.056551 seconds
[2019.12.12-08.21.40:206][  0]LogUObjectArray: 42205 objects as part of root set at end of initial load.
[2019.12.12-08.21.40:206][  0]LogUObjectAllocator: 7325032 out of 0 bytes used by permanent object pool.
[2019.12.12-08.21.40:206][  0]LogUObjectArray: CloseDisregardForGC: 0/0 objects in disregard for GC pool
[2019.12.12-08.21.41:392][  0]LogTcpMessaging: Initializing TcpMessaging bridge
[2019.12.12-08.21.41:407][  0]LogUdpMessaging: Initializing bridge on interface 0.0.0.0:0 to multicast group 230.0.0.1:6666.
[2019.12.12-08.21.41:535][  0]SourceControl: Source control is disabled
[2019.12.12-08.21.41:536][  0]SourceControl: Source control is disabled
[2019.12.12-08.21.41:538][  0]SourceControl: Source control is disabled
[2019.12.12-08.21.41:539][  0]SourceControl: Source control is disabled
[2019.12.12-08.21.41:676][  0]LogAndroidPermission: UAndroidPermissionCallbackProxy::GetInstance
[2019.12.12-08.21.41:770][  0]LogOcInput: OculusInput pre-init called
[2019.12.12-08.21.42:734][  0]LogEngine: Initializing Engine...
[2019.12.12-08.21.42:736][  0]LogHMD: Failed to initialize OpenVR with code 110
[2019.12.12-08.21.42:738][  0]LogStats: UGameplayTagsManager::InitializeManager -  0.000 s
[2019.12.12-08.21.42:972][  0]LogInit: Initializing FReadOnlyCVARCache
[2019.12.12-08.21.42:988][  0]LogAIModule: Creating AISystem for world Untitled
[2019.12.12-08.21.43:004][  0]LogInit: XAudio2 using 'Speakers (Realtek High Definition Audio)' : 2 channels at 48 kHz using 32 bits per sample (channel mask 0x3)
[2019.12.12-08.21.43:025][  0]LogInit: FAudioDevice initialized.
[2019.12.12-08.21.43:025][  0]LogNetVersion: Set ProjectVersion to 1.0.0.0. Version Checksum will be recalculated on next use.
[2019.12.12-08.21.43:112][  0]LogDerivedDataCache: Saved boot cache 0.09s 71MB C:/Users/pau.andreotti/AppData/Local/UnrealEngine/4.22/DerivedDataCache/Boot.ddc.
[2019.12.12-08.21.43:122][  0]LogInit: Texture streaming: Enabled
[2019.12.12-08.21.43:144][  0]LogEngineSessionManager: EngineSessionManager initialized
[2019.12.12-08.21.43:173][  0]LogInit: Transaction tracking system initialized
[2019.12.12-08.21.43:202][  0]BlueprintLog: New page: Editor Load
[2019.12.12-08.21.43:310][  0]LocalizationService: Localization service is disabled
[2019.12.12-08.21.43:727][  0]LogFileCache: Scanning file cache for directory 'C:/Users/pau.andreotti/AndreottiPau/Github/BPOW_01_PAU_ANDREOTTI_BOSCH/Overwatch/Content/' took 0.03s
[2019.12.12-08.21.43:727][  0]LogCook: Display: Max memory allowance for cook 16384mb min free memory 0mb
[2019.12.12-08.21.43:727][  0]LogCook: Display: Mobile HDR setting 1
[2019.12.12-08.21.43:971][  0]SourceControl: Source control is disabled
[2019.12.12-08.21.43:972][  0]LightingResults: New page: Lighting Build
[2019.12.12-08.21.43:975][  0]MapCheck: New page: Map Check
[2019.12.12-08.21.43:975][  0]LightingResults: New page: Lighting Build
[2019.12.12-08.21.44:012][  0]LogUObjectHash: Compacting FUObjectHashTables data took   1.80ms
[2019.12.12-08.21.44:227][  0]LogLinker: Can't find file '/Game/FirstPersonBP/Blueprints/FirstPersonProjectile'
[2019.12.12-08.21.44:228][  0]LogLinker: Can't find file '/Game/FirstPersonBP/Blueprints/FirstPersonProjectile'
[2019.12.12-08.21.44:808][  0]LogAIModule: Creating AISystem for world FirstPersonExampleMap
[2019.12.12-08.21.44:816][  0]LogEditorServer: Finished looking for orphan Actors (0.000 secs)
[2019.12.12-08.21.44:858][  0]LogUObjectHash: Compacting FUObjectHashTables data took   2.71ms
[2019.12.12-08.21.44:858][  0]Cmd: MAP CHECKDEP NOCLEARLOG
[2019.12.12-08.21.44:859][  0]MapCheck: Map check complete: 0 Error(s), 0 Warning(s), took 0,421ms to complete.
[2019.12.12-08.21.44:859][  0]LogFileHelpers: Loading map 'FirstPersonExampleMap' took 0.888
[2019.12.12-08.21.44:971][  0]LogSlate: Updating window title bar state: overlay mode, drag disabled, window buttons hidden, title bar hidden
[2019.12.12-08.21.44:979][  0]LogSlate: Updating window title bar state: overlay mode, drag disabled, window buttons hidden, title bar hidden
[2019.12.12-08.21.44:987][  0]LogSlate: Updating window title bar state: overlay mode, drag disabled, window buttons hidden, title bar hidden
[2019.12.12-08.21.44:996][  0]LogSlate: Updating window title bar state: overlay mode, drag disabled, window buttons hidden, title bar hidden
[2019.12.12-08.21.45:004][  0]LogCollectionManager: Loaded 0 collections in 0.002087 seconds
[2019.12.12-08.21.45:046][  0]LogFileCache: Scanning file cache for directory 'C:/Users/pau.andreotti/AndreottiPau/Github/BPOW_01_PAU_ANDREOTTI_BOSCH/Overwatch/Saved/Collections/' took 0.01s
[2019.12.12-08.21.45:046][  0]LogFileCache: Scanning file cache for directory 'C:/Users/pau.andreotti/AndreottiPau/Github/BPOW_01_PAU_ANDREOTTI_BOSCH/Overwatch/Content/Developers/pauandreotti/Collections/' took 0.01s
[2019.12.12-08.21.45:046][  0]LogFileCache: Scanning file cache for directory 'C:/Users/pau.andreotti/AndreottiPau/Github/BPOW_01_PAU_ANDREOTTI_BOSCH/Overwatch/Content/Collections/' took 0.01s
[2019.12.12-08.21.45:046][  0]LogCollectionManager: Rebuilt the GUID cache for 0 collections in 0.000000 seconds
[2019.12.12-08.21.45:056][  0]LogContentBrowser: Native class hierarchy populated in 0.0104 seconds. Added 2732 classes and 659 folders.
[2019.12.12-08.21.45:064][  0]LogContentBrowser: Native class hierarchy updated for 'WidgetCarousel' in 0.0004 seconds. Added 0 classes and 0 folders.
[2019.12.12-08.21.45:067][  0]LogPakFile: Registered encryption key '00000000000000000000000000000000': 0 pak files mounted, 0 remain pending
[2019.12.12-08.21.45:068][  0]LogPakFile: Registered encryption key '00000000000000000000000000000000': 0 pak files mounted, 0 remain pending
[2019.12.12-08.21.45:070][  0]LogPakFile: Registered encryption key '00000000000000000000000000000000': 0 pak files mounted, 0 remain pending
[2019.12.12-08.21.45:071][  0]LogPakFile: Registered encryption key '00000000000000000000000000000000': 0 pak files mounted, 0 remain pending
[2019.12.12-08.21.45:071][  0]LogPakFile: Registered encryption key '00000000000000000000000000000000': 0 pak files mounted, 0 remain pending
[2019.12.12-08.21.45:072][  0]LogPakFile: Registered encryption key '00000000000000000000000000000000': 0 pak files mounted, 0 remain pending
[2019.12.12-08.21.45:074][  0]LogPakFile: Registered encryption key '00000000000000000000000000000000': 0 pak files mounted, 0 remain pending
[2019.12.12-08.21.45:075][  0]LogPakFile: Registered encryption key '00000000000000000000000000000000': 0 pak files mounted, 0 remain pending
[2019.12.12-08.21.45:075][  0]LogPakFile: Registered encryption key '00000000000000000000000000000000': 0 pak files mounted, 0 remain pending
[2019.12.12-08.21.45:076][  0]LogPakFile: Registered encryption key '00000000000000000000000000000000': 0 pak files mounted, 0 remain pending
[2019.12.12-08.21.45:078][  0]LogPakFile: Registered encryption key '00000000000000000000000000000000': 0 pak files mounted, 0 remain pending
[2019.12.12-08.21.45:079][  0]LogPakFile: Registered encryption key '00000000000000000000000000000000': 0 pak files mounted, 0 remain pending
[2019.12.12-08.21.45:080][  0]LogPakFile: Registered encryption key '00000000000000000000000000000000': 0 pak files mounted, 0 remain pending
[2019.12.12-08.21.45:081][  0]LogPakFile: Registered encryption key '00000000000000000000000000000000': 0 pak files mounted, 0 remain pending
[2019.12.12-08.21.45:082][  0]LogPakFile: Registered encryption key '00000000000000000000000000000000': 0 pak files mounted, 0 remain pending
[2019.12.12-08.21.45:083][  0]LogPakFile: Registered encryption key '00000000000000000000000000000000': 0 pak files mounted, 0 remain pending
[2019.12.12-08.21.45:084][  0]LogPakFile: Registered encryption key '00000000000000000000000000000000': 0 pak files mounted, 0 remain pending
[2019.12.12-08.21.45:085][  0]LogPakFile: Registered encryption key '00000000000000000000000000000000': 0 pak files mounted, 0 remain pending
[2019.12.12-08.21.45:086][  0]LogPakFile: Registered encryption key '00000000000000000000000000000000': 0 pak files mounted, 0 remain pending
[2019.12.12-08.21.45:087][  0]LogPakFile: Registered encryption key '00000000000000000000000000000000': 0 pak files mounted, 0 remain pending
[2019.12.12-08.21.45:088][  0]LogPakFile: Registered encryption key '00000000000000000000000000000000': 0 pak files mounted, 0 remain pending
[2019.12.12-08.21.45:089][  0]LogPakFile: Registered encryption key '00000000000000000000000000000000': 0 pak files mounted, 0 remain pending
[2019.12.12-08.21.45:090][  0]LogPakFile: Registered encryption key '00000000000000000000000000000000': 0 pak files mounted, 0 remain pending
[2019.12.12-08.21.45:091][  0]LogPakFile: Registered encryption key '00000000000000000000000000000000': 0 pak files mounted, 0 remain pending
[2019.12.12-08.21.45:092][  0]LogPakFile: Registered encryption key '00000000000000000000000000000000': 0 pak files mounted, 0 remain pending
[2019.12.12-08.21.45:093][  0]LogPakFile: Registered encryption key '00000000000000000000000000000000': 0 pak files mounted, 0 remain pending
[2019.12.12-08.21.45:094][  0]LogPakFile: Registered encryption key '00000000000000000000000000000000': 0 pak files mounted, 0 remain pending
[2019.12.12-08.21.45:095][  0]LogPakFile: Registered encryption key '00000000000000000000000000000000': 0 pak files mounted, 0 remain pending
[2019.12.12-08.21.45:171][  0]LogContentBrowser: Native class hierarchy updated for 'AddContentDialog' in 0.0004 seconds. Added 0 classes and 0 folders.
[2019.12.12-08.21.45:178][  0]LogContentBrowser: Native class hierarchy updated for 'SceneOutliner' in 0.0005 seconds. Added 1 classes and 2 folders.
[2019.12.12-08.21.45:196][  0]LogSlate: Took 0.000278 seconds to synchronously load lazily loaded font '../../../Engine/Content/Slate/Fonts/Roboto-Regular.ttf' (155K)
[2019.12.12-08.21.45:198][  0]LogSlate: Took 0.000326 seconds to synchronously load lazily loaded font '../../../Engine/Content/Slate/Fonts/Roboto-Bold.ttf' (160K)
[2019.12.12-08.21.45:204][  0]LogSlate: Took 0.000296 seconds to synchronously load lazily loaded font '../../../Engine/Content/Editor/Slate/Fonts/FontAwesome.ttf' (139K)
[2019.12.12-08.21.45:276][  0]LogRenderer: Reallocating scene render targets to support 1248x584 Format 10 NumSamples 1 (Frame:1).
[2019.12.12-08.21.45:426][  0]LogContentBrowser: Native class hierarchy updated for 'HierarchicalLODOutliner' in 0.0004 seconds. Added 0 classes and 0 folders.
[2019.12.12-08.21.45:426][  0]LogLoad: (Engine Initialization) Total time: 12.53 seconds
[2019.12.12-08.21.45:427][  0]LogLoad: (Engine Initialization) Total Blueprint compile time: 0.00 seconds
[2019.12.12-08.21.45:463][  0]LogAssetRegistry: Asset discovery search completed in 6.5025 seconds
[2019.12.12-08.21.45:465][  0]LogCollectionManager: Rebuilt the object cache for 0 collections in 0.000001 seconds (found 0 objects)
[2019.12.12-08.21.45:465][  0]LogCollectionManager: Fixed up redirectors for 0 collections in 0.000039 seconds (updated 0 objects)
[2019.12.12-08.21.45:468][  0]LogContentStreaming: Texture pool size now 1000 MB
[2019.12.12-08.21.45:558][  0]LogSlate: Took 0.000335 seconds to synchronously load lazily loaded font '../../../Engine/Content/Slate/Fonts/Roboto-Light.ttf' (167K)
[2019.12.12-08.21.46:468][ 99]LogSlate: Took 0.000315 seconds to synchronously load lazily loaded font '../../../Engine/Content/Slate/Fonts/Roboto-Light.ttf' (167K)
[2019.12.12-08.21.49:899][507]LogSlate: FSceneViewport::OnFocusLost() reason 0
[2019.12.12-08.21.51:457][693]LogSlate: FSceneViewport::OnFocusLost() reason 0
[2019.12.12-08.21.51:498][698]LogTemp: Repeating last play command: Selected Viewport
[2019.12.12-08.21.51:524][698]LogBlueprintUserMessages: Early PlayInEditor Detection: Level '/Game/FirstPersonBP/Maps/FirstPersonExampleMap.FirstPersonExampleMap:PersistentLevel' has LevelScriptBlueprint '/Game/FirstPersonBP/Maps/FirstPersonExampleMap.FirstPersonExampleMap:PersistentLevel.FirstPersonExampleMap' with GeneratedClass '/Game/FirstPersonBP/Maps/FirstPersonExampleMap.FirstPersonExampleMap_C' with ClassGeneratedBy '/Game/FirstPersonBP/Maps/FirstPersonExampleMap.FirstPersonExampleMap:PersistentLevel.FirstPersonExampleMap'
[2019.12.12-08.21.51:524][698]LogPlayLevel: PlayLevel: No blueprints needed recompiling
[2019.12.12-08.21.51:525][698]PIE: New page: PIE session: FirstPersonExampleMap (12/12/2019 10:21:51)
[2019.12.12-08.21.51:538][698]LogPlayLevel: Creating play world package: /Game/FirstPersonBP/Maps/UEDPIE_0_FirstPersonExampleMap
[2019.12.12-08.21.51:552][698]LogPlayLevel: PIE: StaticDuplicateObject took: (0.013634s)
[2019.12.12-08.21.51:553][698]LogAIModule: Creating AISystem for world FirstPersonExampleMap
[2019.12.12-08.21.51:553][698]LogPlayLevel: PIE: World Init took: (0.000614s)
[2019.12.12-08.21.51:553][698]LogPlayLevel: PIE: Created PIE world by copying editor world from /Game/FirstPersonBP/Maps/FirstPersonExampleMap.FirstPersonExampleMap to /Game/FirstPersonBP/Maps/UEDPIE_0_FirstPersonExampleMap.FirstPersonExampleMap (0.015065s)
[2019.12.12-08.21.51:589][698]LogUObjectHash: Compacting FUObjectHashTables data took   1.26ms
[2019.12.12-08.21.51:601][698]LogInit: XAudio2 using 'Speakers (Realtek High Definition Audio)' : 2 channels at 48 kHz using 32 bits per sample (channel mask 0x3)
[2019.12.12-08.21.51:615][698]LogInit: FAudioDevice initialized.
[2019.12.12-08.21.51:656][698]LogLoad: Game class is 'FirstPersonGameMode_C'
[2019.12.12-08.21.51:658][698]LogWorld: Bringing World /Game/FirstPersonBP/Maps/UEDPIE_0_FirstPersonExampleMap.FirstPersonExampleMap up for play (max tick rate 0) at 2019.12.12-09.21.51
[2019.12.12-08.21.51:659][698]LogWorld: Bringing up level for play took: 0.001500
[2019.12.12-08.21.51:678][698]LogContentBrowser: Native class hierarchy updated for 'MovieSceneCapture' in 0.0005 seconds. Added 20 classes and 0 folders.
[2019.12.12-08.21.51:683][698]PIE: Play in editor start time for /Game/FirstPersonBP/Maps/UEDPIE_0_FirstPersonExampleMap 0,948
[2019.12.12-08.21.51:684][698]LogBlueprintUserMessages: Late PlayInEditor Detection: Level '/Game/FirstPersonBP/Maps/FirstPersonExampleMap.FirstPersonExampleMap:PersistentLevel' has LevelScriptBlueprint '/Game/FirstPersonBP/Maps/FirstPersonExampleMap.FirstPersonExampleMap:PersistentLevel.FirstPersonExampleMap' with GeneratedClass '/Game/FirstPersonBP/Maps/FirstPersonExampleMap.FirstPersonExampleMap_C' with ClassGeneratedBy '/Game/FirstPersonBP/Maps/FirstPersonExampleMap.FirstPersonExampleMap:PersistentLevel.FirstPersonExampleMap'
[2019.12.12-08.21.54:084][982]LogBlueprintUserMessages: Early EndPlayMap Detection: Level '/Game/FirstPersonBP/Maps/FirstPersonExampleMap.FirstPersonExampleMap:PersistentLevel' has LevelScriptBlueprint '/Game/FirstPersonBP/Maps/FirstPersonExampleMap.FirstPersonExampleMap:PersistentLevel.FirstPersonExampleMap' with GeneratedClass '/Game/FirstPersonBP/Maps/FirstPersonExampleMap.FirstPersonExampleMap_C' with ClassGeneratedBy '/Game/FirstPersonBP/Maps/FirstPersonExampleMap.FirstPersonExampleMap:PersistentLevel.FirstPersonExampleMap'
[2019.12.12-08.21.54:084][982]LogSlate: Updating window title bar state: overlay mode, drag disabled, window buttons hidden, title bar hidden
[2019.12.12-08.21.54:112][982]LogPlayLevel: Display: Shutting down PIE online subsystems
[2019.12.12-08.21.54:112][982]LogBlueprintUserMessages: Late EndPlayMap Detection: Level '/Game/FirstPersonBP/Maps/FirstPersonExampleMap.FirstPersonExampleMap:PersistentLevel' has LevelScriptBlueprint '/Game/FirstPersonBP/Maps/FirstPersonExampleMap.FirstPersonExampleMap:PersistentLevel.FirstPersonExampleMap' with GeneratedClass '/Game/FirstPersonBP/Maps/FirstPersonExampleMap.FirstPersonExampleMap_C' with ClassGeneratedBy '/Game/FirstPersonBP/Maps/FirstPersonExampleMap.FirstPersonExampleMap:PersistentLevel.FirstPersonExampleMap'
[2019.12.12-08.21.54:152][982]LogSlate: Updating window title bar state: overlay mode, drag disabled, window buttons hidden, title bar hidden
[2019.12.12-08.21.54:157][982]LogUObjectHash: Compacting FUObjectHashTables data took   1.80ms
[2019.12.12-08.21.54:199][984]LogPlayLevel: Display: Destroying online subsystem :Context_2
[2019.12.12-08.21.55:200][104]LogSlate: FSceneViewport::OnFocusLost() reason 0
[2019.12.12-08.21.59:664][635]LogAssetEditorManager: Opening Asset editor for Blueprint /Game/FirstPersonBP/Blueprints/Heroes/Zarya.Zarya
[2019.12.12-08.22.00:061][635]LogEnum: Warning: Enum name collision: 'HeroEnum::NewEnumerator0' is in both '/Game/Blueprints/HeroEnum.HeroEnum' and '/Game/GameplayData/HeroEnum.HeroEnum'
[2019.12.12-08.22.00:061][635]LogEnum: Warning: Enum name collision: 'HeroEnum::NewEnumerator1' is in both '/Game/Blueprints/HeroEnum.HeroEnum' and '/Game/GameplayData/HeroEnum.HeroEnum'
[2019.12.12-08.22.00:061][635]LogEnum: Warning: Enum name collision: 'HeroEnum::HeroEnum_MAX' is in both '/Game/Blueprints/HeroEnum.HeroEnum' and '/Game/GameplayData/HeroEnum.HeroEnum'
[2019.12.12-08.22.00:061][635]LogEnum: Warning: Enum name collision: 'HeroEnum::NewEnumerator0' is in both '/Game/Blueprints/HeroEnum.HeroEnum' and '/Game/GameplayData/HeroEnum.HeroEnum'
[2019.12.12-08.22.00:061][635]LogEnum: Warning: Enum name collision: 'HeroEnum::NewEnumerator1' is in both '/Game/Blueprints/HeroEnum.HeroEnum' and '/Game/GameplayData/HeroEnum.HeroEnum'
[2019.12.12-08.22.00:156][635]LogContentBrowser: Native class hierarchy updated for 'BlueprintGraph' in 0.0008 seconds. Added 121 classes and 0 folders.
[2019.12.12-08.22.01:236][635]LogSlate: Took 0.000362 seconds to synchronously load lazily loaded font '../../../Engine/Content/Slate/Fonts/Roboto-BoldCondensed.ttf' (158K)
[2019.12.12-08.22.01:474][636]LogSlate: Took 0.006729 seconds to synchronously load lazily loaded font '../../../Engine/Content/Slate/Fonts/Roboto-Italic.ttf' (157K)
[2019.12.12-08.23.00:095][434]BlueprintLog: New page: Compile Zarya
[2019.12.12-08.23.00:341][434]LogUObjectHash: Compacting FUObjectHashTables data took   3.59ms
[2019.12.12-08.23.00:896][464]LogSavePackage: Moving '../../../../../../Users/pau.andreotti/AndreottiPau/Github/BPOW_01_PAU_ANDREOTTI_BOSCH/Overwatch/Saved/Zarya6F3ED5CD4E29C001834B8F835DD16C56.tmp' to '../../../../../../Users/pau.andreotti/AndreottiPau/Github/BPOW_01_PAU_ANDREOTTI_BOSCH/Overwatch/Content/FirstPersonBP/Blueprints/Heroes/Zarya.uasset'
[2019.12.12-08.23.01:774][566]LogTemp: Repeating last play command: Selected Viewport
[2019.12.12-08.23.01:803][566]LogBlueprintUserMessages: Early PlayInEditor Detection: Level '/Game/FirstPersonBP/Maps/FirstPersonExampleMap.FirstPersonExampleMap:PersistentLevel' has LevelScriptBlueprint '/Game/FirstPersonBP/Maps/FirstPersonExampleMap.FirstPersonExampleMap:PersistentLevel.FirstPersonExampleMap' with GeneratedClass '/Game/FirstPersonBP/Maps/FirstPersonExampleMap.FirstPersonExampleMap_C' with ClassGeneratedBy '/Game/FirstPersonBP/Maps/FirstPersonExampleMap.FirstPersonExampleMap:PersistentLevel.FirstPersonExampleMap'
[2019.12.12-08.23.01:803][566]LogPlayLevel: PlayLevel: No blueprints needed recompiling
[2019.12.12-08.23.01:803][566]PIE: New page: PIE session: FirstPersonExampleMap (12/12/2019 10:23:01)
[2019.12.12-08.23.01:803][566]LogPlayLevel: Creating play world package: /Game/FirstPersonBP/Maps/UEDPIE_0_FirstPersonExampleMap
[2019.12.12-08.23.01:818][566]LogPlayLevel: PIE: StaticDuplicateObject took: (0.014249s)
[2019.12.12-08.23.01:818][566]LogAIModule: Creating AISystem for world FirstPersonExampleMap
[2019.12.12-08.23.01:818][566]LogPlayLevel: PIE: World Init took: (0.000605s)
[2019.12.12-08.23.01:818][566]LogPlayLevel: PIE: Created PIE world by copying editor world from /Game/FirstPersonBP/Maps/FirstPersonExampleMap.FirstPersonExampleMap to /Game/FirstPersonBP/Maps/UEDPIE_0_FirstPersonExampleMap.FirstPersonExampleMap (0.015006s)
[2019.12.12-08.23.01:861][566]LogUObjectHash: Compacting FUObjectHashTables data took   3.25ms
[2019.12.12-08.23.01:873][566]LogInit: XAudio2 using 'Speakers (Realtek High Definition Audio)' : 2 channels at 48 kHz using 32 bits per sample (channel mask 0x3)
[2019.12.12-08.23.01:889][566]LogInit: FAudioDevice initialized.
[2019.12.12-08.23.01:921][566]LogLoad: Game class is 'FirstPersonGameMode_C'
[2019.12.12-08.23.01:923][566]LogWorld: Bringing World /Game/FirstPersonBP/Maps/UEDPIE_0_FirstPersonExampleMap.FirstPersonExampleMap up for play (max tick rate 0) at 2019.12.12-09.23.01
[2019.12.12-08.23.01:923][566]LogWorld: Bringing up level for play took: 0.001305
[2019.12.12-08.23.01:940][566]PIE: Play in editor start time for /Game/FirstPersonBP/Maps/UEDPIE_0_FirstPersonExampleMap -0,795
[2019.12.12-08.23.01:940][566]LogBlueprintUserMessages: Late PlayInEditor Detection: Level '/Game/FirstPersonBP/Maps/FirstPersonExampleMap.FirstPersonExampleMap:PersistentLevel' has LevelScriptBlueprint '/Game/FirstPersonBP/Maps/FirstPersonExampleMap.FirstPersonExampleMap:PersistentLevel.FirstPersonExampleMap' with GeneratedClass '/Game/FirstPersonBP/Maps/FirstPersonExampleMap.FirstPersonExampleMap_C' with ClassGeneratedBy '/Game/FirstPersonBP/Maps/FirstPersonExampleMap.FirstPersonExampleMap:PersistentLevel.FirstPersonExampleMap'
[2019.12.12-08.23.04:478][867]LogBlueprintUserMessages: Early EndPlayMap Detection: Level '/Game/FirstPersonBP/Maps/FirstPersonExampleMap.FirstPersonExampleMap:PersistentLevel' has LevelScriptBlueprint '/Game/FirstPersonBP/Maps/FirstPersonExampleMap.FirstPersonExampleMap:PersistentLevel.FirstPersonExampleMap' with GeneratedClass '/Game/FirstPersonBP/Maps/FirstPersonExampleMap.FirstPersonExampleMap_C' with ClassGeneratedBy '/Game/FirstPersonBP/Maps/FirstPersonExampleMap.FirstPersonExampleMap:PersistentLevel.FirstPersonExampleMap'
[2019.12.12-08.23.04:479][867]LogSlate: Updating window title bar state: overlay mode, drag disabled, window buttons hidden, title bar hidden
[2019.12.12-08.23.04:506][867]LogPlayLevel: Display: Shutting down PIE online subsystems
[2019.12.12-08.23.04:507][867]LogBlueprintUserMessages: Late EndPlayMap Detection: Level '/Game/FirstPersonBP/Maps/FirstPersonExampleMap.FirstPersonExampleMap:PersistentLevel' has LevelScriptBlueprint '/Game/FirstPersonBP/Maps/FirstPersonExampleMap.FirstPersonExampleMap:PersistentLevel.FirstPersonExampleMap' with GeneratedClass '/Game/FirstPersonBP/Maps/FirstPersonExampleMap.FirstPersonExampleMap_C' with ClassGeneratedBy '/Game/FirstPersonBP/Maps/FirstPersonExampleMap.FirstPersonExampleMap:PersistentLevel.FirstPersonExampleMap'
[2019.12.12-08.23.04:554][867]LogSlate: Updating window title bar state: overlay mode, drag disabled, window buttons hidden, title bar hidden
[2019.12.12-08.23.04:559][867]LogUObjectHash: Compacting FUObjectHashTables data took   2.31ms
[2019.12.12-08.23.04:584][868]LogPlayLevel: Display: Destroying online subsystem :Context_5
[2019.12.12-08.23.05:096][928]LogSlate: FSceneViewport::OnFocusLost() reason 0
[2019.12.12-08.23.12:080][763]BlueprintLog: New page: Compile Zarya
[2019.12.12-08.23.12:319][763]LogUObjectHash: Compacting FUObjectHashTables data took   3.11ms
[2019.12.12-08.23.12:863][793]LogSavePackage: Moving '../../../../../../Users/pau.andreotti/AndreottiPau/Github/BPOW_01_PAU_ANDREOTTI_BOSCH/Overwatch/Saved/ZaryaE751A5144243EBBAB12C198AA4E5546F.tmp' to '../../../../../../Users/pau.andreotti/AndreottiPau/Github/BPOW_01_PAU_ANDREOTTI_BOSCH/Overwatch/Content/FirstPersonBP/Blueprints/Heroes/Zarya.uasset'
[2019.12.12-08.23.42:687][363]LogTemp: Repeating last play command: Selected Viewport
[2019.12.12-08.23.42:715][363]LogBlueprintUserMessages: Early PlayInEditor Detection: Level '/Game/FirstPersonBP/Maps/FirstPersonExampleMap.FirstPersonExampleMap:PersistentLevel' has LevelScriptBlueprint '/Game/FirstPersonBP/Maps/FirstPersonExampleMap.FirstPersonExampleMap:PersistentLevel.FirstPersonExampleMap' with GeneratedClass '/Game/FirstPersonBP/Maps/FirstPersonExampleMap.FirstPersonExampleMap_C' with ClassGeneratedBy '/Game/FirstPersonBP/Maps/FirstPersonExampleMap.FirstPersonExampleMap:PersistentLevel.FirstPersonExampleMap'
[2019.12.12-08.23.42:715][363]LogPlayLevel: PlayLevel: No blueprints needed recompiling
[2019.12.12-08.23.42:715][363]PIE: New page: PIE session: FirstPersonExampleMap (12/12/2019 10:23:42)
[2019.12.12-08.23.42:715][363]LogPlayLevel: Creating play world package: /Game/FirstPersonBP/Maps/UEDPIE_0_FirstPersonExampleMap
[2019.12.12-08.23.42:727][363]LogPlayLevel: PIE: StaticDuplicateObject took: (0.011810s)
[2019.12.12-08.23.42:728][363]LogAIModule: Creating AISystem for world FirstPersonExampleMap
[2019.12.12-08.23.42:728][363]LogPlayLevel: PIE: World Init took: (0.000715s)
[2019.12.12-08.23.42:728][363]LogPlayLevel: PIE: Created PIE world by copying editor world from /Game/FirstPersonBP/Maps/FirstPersonExampleMap.FirstPersonExampleMap to /Game/FirstPersonBP/Maps/UEDPIE_0_FirstPersonExampleMap.FirstPersonExampleMap (0.012687s)
[2019.12.12-08.23.42:771][363]LogUObjectHash: Compacting FUObjectHashTables data took   3.44ms
[2019.12.12-08.23.42:782][363]LogInit: XAudio2 using 'Speakers (Realtek High Definition Audio)' : 2 channels at 48 kHz using 32 bits per sample (channel mask 0x3)
[2019.12.12-08.23.42:797][363]LogInit: FAudioDevice initialized.
[2019.12.12-08.23.42:827][363]LogLoad: Game class is 'FirstPersonGameMode_C'
[2019.12.12-08.23.42:829][363]LogWorld: Bringing World /Game/FirstPersonBP/Maps/UEDPIE_0_FirstPersonExampleMap.FirstPersonExampleMap up for play (max tick rate 0) at 2019.12.12-09.23.42
[2019.12.12-08.23.42:829][363]LogWorld: Bringing up level for play took: 0.001404
[2019.12.12-08.23.42:846][363]PIE: Play in editor start time for /Game/FirstPersonBP/Maps/UEDPIE_0_FirstPersonExampleMap 0,11
[2019.12.12-08.23.42:846][363]LogBlueprintUserMessages: Late PlayInEditor Detection: Level '/Game/FirstPersonBP/Maps/FirstPersonExampleMap.FirstPersonExampleMap:PersistentLevel' has LevelScriptBlueprint '/Game/FirstPersonBP/Maps/FirstPersonExampleMap.FirstPersonExampleMap:PersistentLevel.FirstPersonExampleMap' with GeneratedClass '/Game/FirstPersonBP/Maps/FirstPersonExampleMap.FirstPersonExampleMap_C' with ClassGeneratedBy '/Game/FirstPersonBP/Maps/FirstPersonExampleMap.FirstPersonExampleMap:PersistentLevel.FirstPersonExampleMap'
[2019.12.12-08.23.58:691][261]LogBlueprintUserMessages: [Zarya_C_0] Reloading
[2019.12.12-08.24.01:375][583]LogBlueprintUserMessages: [Zarya_C_0] Reloading
[2019.12.12-08.24.06:075][147]LogBlueprintUserMessages: [Zarya_C_0] Reloading
[2019.12.12-08.24.06:451][192]LogBlueprintUserMessages: Early EndPlayMap Detection: Level '/Game/FirstPersonBP/Maps/FirstPersonExampleMap.FirstPersonExampleMap:PersistentLevel' has LevelScriptBlueprint '/Game/FirstPersonBP/Maps/FirstPersonExampleMap.FirstPersonExampleMap:PersistentLevel.FirstPersonExampleMap' with GeneratedClass '/Game/FirstPersonBP/Maps/FirstPersonExampleMap.FirstPersonExampleMap_C' with ClassGeneratedBy '/Game/FirstPersonBP/Maps/FirstPersonExampleMap.FirstPersonExampleMap:PersistentLevel.FirstPersonExampleMap'
[2019.12.12-08.24.06:451][192]LogSlate: Updating window title bar state: overlay mode, drag disabled, window buttons hidden, title bar hidden
[2019.12.12-08.24.06:483][192]LogPlayLevel: Display: Shutting down PIE online subsystems
[2019.12.12-08.24.06:484][192]LogBlueprintUserMessages: Late EndPlayMap Detection: Level '/Game/FirstPersonBP/Maps/FirstPersonExampleMap.FirstPersonExampleMap:PersistentLevel' has LevelScriptBlueprint '/Game/FirstPersonBP/Maps/FirstPersonExampleMap.FirstPersonExampleMap:PersistentLevel.FirstPersonExampleMap' with GeneratedClass '/Game/FirstPersonBP/Maps/FirstPersonExampleMap.FirstPersonExampleMap_C' with ClassGeneratedBy '/Game/FirstPersonBP/Maps/FirstPersonExampleMap.FirstPersonExampleMap:PersistentLevel.FirstPersonExampleMap'
[2019.12.12-08.24.06:533][192]LogSlate: Updating window title bar state: overlay mode, drag disabled, window buttons hidden, title bar hidden
[2019.12.12-08.24.06:538][192]LogUObjectHash: Compacting FUObjectHashTables data took   2.32ms
[2019.12.12-08.24.06:562][193]LogPlayLevel: Display: Destroying online subsystem :Context_6
[2019.12.12-08.24.07:599][315]LogSlate: FSceneViewport::OnFocusLost() reason 0
[2019.12.12-08.24.21:666][993]BlueprintLog: New page: Compile Zarya
[2019.12.12-08.24.21:897][993]LogUObjectHash: Compacting FUObjectHashTables data took   3.16ms
[2019.12.12-08.24.22:333][  9]LogSavePackage: Moving '../../../../../../Users/pau.andreotti/AndreottiPau/Github/BPOW_01_PAU_ANDREOTTI_BOSCH/Overwatch/Saved/Zarya505749D54F667BDC0F04EE948E5DA348.tmp' to '../../../../../../Users/pau.andreotti/AndreottiPau/Github/BPOW_01_PAU_ANDREOTTI_BOSCH/Overwatch/Content/FirstPersonBP/Blueprints/Heroes/Zarya.uasset'
[2019.12.12-08.24.23:676][168]LogTemp: Repeating last play command: Selected Viewport
[2019.12.12-08.24.23:704][168]LogBlueprintUserMessages: Early PlayInEditor Detection: Level '/Game/FirstPersonBP/Maps/FirstPersonExampleMap.FirstPersonExampleMap:PersistentLevel' has LevelScriptBlueprint '/Game/FirstPersonBP/Maps/FirstPersonExampleMap.FirstPersonExampleMap:PersistentLevel.FirstPersonExampleMap' with GeneratedClass '/Game/FirstPersonBP/Maps/FirstPersonExampleMap.FirstPersonExampleMap_C' with ClassGeneratedBy '/Game/FirstPersonBP/Maps/FirstPersonExampleMap.FirstPersonExampleMap:PersistentLevel.FirstPersonExampleMap'
[2019.12.12-08.24.23:705][168]LogPlayLevel: PlayLevel: No blueprints needed recompiling
[2019.12.12-08.24.23:705][168]PIE: New page: PIE session: FirstPersonExampleMap (12/12/2019 10:24:23)
[2019.12.12-08.24.23:705][168]LogPlayLevel: Creating play world package: /Game/FirstPersonBP/Maps/UEDPIE_0_FirstPersonExampleMap
[2019.12.12-08.24.23:716][168]LogPlayLevel: PIE: StaticDuplicateObject took: (0.011033s)
[2019.12.12-08.24.23:716][168]LogAIModule: Creating AISystem for world FirstPersonExampleMap
[2019.12.12-08.24.23:717][168]LogPlayLevel: PIE: World Init took: (0.000679s)
[2019.12.12-08.24.23:717][168]LogPlayLevel: PIE: Created PIE world by copying editor world from /Game/FirstPersonBP/Maps/FirstPersonExampleMap.FirstPersonExampleMap to /Game/FirstPersonBP/Maps/UEDPIE_0_FirstPersonExampleMap.FirstPersonExampleMap (0.011864s)
[2019.12.12-08.24.23:758][168]LogUObjectHash: Compacting FUObjectHashTables data took   3.40ms
[2019.12.12-08.24.23:769][168]LogInit: XAudio2 using 'Speakers (Realtek High Definition Audio)' : 2 channels at 48 kHz using 32 bits per sample (channel mask 0x3)
[2019.12.12-08.24.23:784][168]LogInit: FAudioDevice initialized.
[2019.12.12-08.24.23:816][168]LogLoad: Game class is 'FirstPersonGameMode_C'
[2019.12.12-08.24.23:818][168]LogWorld: Bringing World /Game/FirstPersonBP/Maps/UEDPIE_0_FirstPersonExampleMap.FirstPersonExampleMap up for play (max tick rate 0) at 2019.12.12-09.24.23
[2019.12.12-08.24.23:818][168]LogWorld: Bringing up level for play took: 0.001429
[2019.12.12-08.24.23:836][168]PIE: Play in editor start time for /Game/FirstPersonBP/Maps/UEDPIE_0_FirstPersonExampleMap 1,1
[2019.12.12-08.24.23:836][168]LogBlueprintUserMessages: Late PlayInEditor Detection: Level '/Game/FirstPersonBP/Maps/FirstPersonExampleMap.FirstPersonExampleMap:PersistentLevel' has LevelScriptBlueprint '/Game/FirstPersonBP/Maps/FirstPersonExampleMap.FirstPersonExampleMap:PersistentLevel.FirstPersonExampleMap' with GeneratedClass '/Game/FirstPersonBP/Maps/FirstPersonExampleMap.FirstPersonExampleMap_C' with ClassGeneratedBy '/Game/FirstPersonBP/Maps/FirstPersonExampleMap.FirstPersonExampleMap:PersistentLevel.FirstPersonExampleMap'
[2019.12.12-08.24.29:865][888]LogBlueprintUserMessages: [Zarya_C_0] Reloading
[2019.12.12-08.24.33:848][366]LogBlueprintUserMessages: [Zarya_C_0] Reloading
[2019.12.12-08.24.38:748][954]LogBlueprintUserMessages: [Zarya_C_0] Reloading
[2019.12.12-08.24.43:349][506]LogBlueprintUserMessages: [Zarya_C_0] Reloading
[2019.12.12-08.24.43:933][576]LogBlueprintUserMessages: Early EndPlayMap Detection: Level '/Game/FirstPersonBP/Maps/FirstPersonExampleMap.FirstPersonExampleMap:PersistentLevel' has LevelScriptBlueprint '/Game/FirstPersonBP/Maps/FirstPersonExampleMap.FirstPersonExampleMap:PersistentLevel.FirstPersonExampleMap' with GeneratedClass '/Game/FirstPersonBP/Maps/FirstPersonExampleMap.FirstPersonExampleMap_C' with ClassGeneratedBy '/Game/FirstPersonBP/Maps/FirstPersonExampleMap.FirstPersonExampleMap:PersistentLevel.FirstPersonExampleMap'
[2019.12.12-08.24.43:934][576]LogSlate: Updating window title bar state: overlay mode, drag disabled, window buttons hidden, title bar hidden
[2019.12.12-08.24.43:967][576]LogPlayLevel: Display: Shutting down PIE online subsystems
[2019.12.12-08.24.43:967][576]LogBlueprintUserMessages: Late EndPlayMap Detection: Level '/Game/FirstPersonBP/Maps/FirstPersonExampleMap.FirstPersonExampleMap:PersistentLevel' has LevelScriptBlueprint '/Game/FirstPersonBP/Maps/FirstPersonExampleMap.FirstPersonExampleMap:PersistentLevel.FirstPersonExampleMap' with GeneratedClass '/Game/FirstPersonBP/Maps/FirstPersonExampleMap.FirstPersonExampleMap_C' with ClassGeneratedBy '/Game/FirstPersonBP/Maps/FirstPersonExampleMap.FirstPersonExampleMap:PersistentLevel.FirstPersonExampleMap'
[2019.12.12-08.24.44:016][576]LogSlate: Updating window title bar state: overlay mode, drag disabled, window buttons hidden, title bar hidden
[2019.12.12-08.24.44:022][576]LogUObjectHash: Compacting FUObjectHashTables data took   2.22ms
[2019.12.12-08.24.44:045][577]LogPlayLevel: Display: Destroying online subsystem :Context_7
[2019.12.12-08.24.44:466][626]LogSlate: FSceneViewport::OnFocusLost() reason 0
[2019.12.12-08.25.18:852][738]BlueprintLog: New page: Compile Zarya
[2019.12.12-08.25.18:862][738]LogBlueprint: Error: [Compiler Zarya] This blueprint (self) is not a PrimitiveComponent, therefore ' Target ' must have a connection.
[2019.12.12-08.25.19:086][738]LogUObjectHash: Compacting FUObjectHashTables data took   3.13ms
[2019.12.12-08.25.19:102][738]LogBlueprint: Warning: [Compiler Zarya] [0226,21] Compile of Zarya failed. 1 Fatal Issue(s) 0 Warning(s) [in 250 ms] (/Game/FirstPersonBP/Blueprints/Heroes/Zarya.Zarya)
[2019.12.12-08.25.19:672][773]LogSavePackage: Moving '../../../../../../Users/pau.andreotti/AndreottiPau/Github/BPOW_01_PAU_ANDREOTTI_BOSCH/Overwatch/Saved/ZaryaA73BC19C47BF594E1B9A07984EC5E4E8.tmp' to '../../../../../../Users/pau.andreotti/AndreottiPau/Github/BPOW_01_PAU_ANDREOTTI_BOSCH/Overwatch/Content/FirstPersonBP/Blueprints/Heroes/Zarya.uasset'
[2019.12.12-08.25.28:825][868]LogEditorTransaction: Undo Move Node
[2019.12.12-08.25.29:081][885]LogEditorTransaction: Undo Move Node
[2019.12.12-08.25.29:335][901]LogEditorTransaction: Undo Move Node
[2019.12.12-08.25.29:576][918]LogEditorTransaction: Undo Move Node
[2019.12.12-08.25.29:898][945]LogEditorTransaction: Undo Move Node
[2019.12.12-08.25.30:146][963]LogEditorTransaction: Undo Move Node
[2019.12.12-08.25.30:419][984]LogEditorTransaction: Undo Move Node
[2019.12.12-08.25.30:744][ 11]LogEditorTransaction: Undo Create Reroute Node
[2019.12.12-08.25.31:081][ 39]LogEditorTransaction: Undo Move Node
[2019.12.12-08.25.31:365][ 61]LogEditorTransaction: Undo Create Reroute Node
[2019.12.12-08.25.31:762][ 97]LogEditorTransaction: Undo Delete current selection
[2019.12.12-08.25.32:097][125]LogEditorTransaction: Undo Create Reroute Node
[2019.12.12-08.26.07:787][378]BlueprintLog: New page: Compile Zarya
[2019.12.12-08.26.08:030][378]LogUObjectHash: Compacting FUObjectHashTables data took   3.60ms
[2019.12.12-08.26.08:379][384]LogSavePackage: Moving '../../../../../../Users/pau.andreotti/AndreottiPau/Github/BPOW_01_PAU_ANDREOTTI_BOSCH/Overwatch/Saved/ZaryaCCED98FE40DFD69C96CA66A20BFA3108.tmp' to '../../../../../../Users/pau.andreotti/AndreottiPau/Github/BPOW_01_PAU_ANDREOTTI_BOSCH/Overwatch/Content/FirstPersonBP/Blueprints/Heroes/Zarya.uasset'
[2019.12.12-08.26.41:183][298]LogTemp: Repeating last play command: Selected Viewport
[2019.12.12-08.26.41:211][298]LogBlueprintUserMessages: Early PlayInEditor Detection: Level '/Game/FirstPersonBP/Maps/FirstPersonExampleMap.FirstPersonExampleMap:PersistentLevel' has LevelScriptBlueprint '/Game/FirstPersonBP/Maps/FirstPersonExampleMap.FirstPersonExampleMap:PersistentLevel.FirstPersonExampleMap' with GeneratedClass '/Game/FirstPersonBP/Maps/FirstPersonExampleMap.FirstPersonExampleMap_C' with ClassGeneratedBy '/Game/FirstPersonBP/Maps/FirstPersonExampleMap.FirstPersonExampleMap:PersistentLevel.FirstPersonExampleMap'
[2019.12.12-08.26.41:211][298]LogPlayLevel: PlayLevel: No blueprints needed recompiling
[2019.12.12-08.26.41:211][298]PIE: New page: PIE session: FirstPersonExampleMap (12/12/2019 10:26:41)
[2019.12.12-08.26.41:211][298]LogPlayLevel: Creating play world package: /Game/FirstPersonBP/Maps/UEDPIE_0_FirstPersonExampleMap
[2019.12.12-08.26.41:222][298]LogPlayLevel: PIE: StaticDuplicateObject took: (0.010743s)
[2019.12.12-08.26.41:222][298]LogAIModule: Creating AISystem for world FirstPersonExampleMap
[2019.12.12-08.26.41:222][298]LogPlayLevel: PIE: World Init took: (0.000589s)
[2019.12.12-08.26.41:222][298]LogPlayLevel: PIE: Created PIE world by copying editor world from /Game/FirstPersonBP/Maps/FirstPersonExampleMap.FirstPersonExampleMap to /Game/FirstPersonBP/Maps/UEDPIE_0_FirstPersonExampleMap.FirstPersonExampleMap (0.011477s)
[2019.12.12-08.26.41:265][298]LogUObjectHash: Compacting FUObjectHashTables data took   3.44ms
[2019.12.12-08.26.41:277][298]LogInit: XAudio2 using 'Speakers (Realtek High Definition Audio)' : 2 channels at 48 kHz using 32 bits per sample (channel mask 0x3)
[2019.12.12-08.26.41:292][298]LogInit: FAudioDevice initialized.
[2019.12.12-08.26.41:321][298]LogLoad: Game class is 'FirstPersonGameMode_C'
[2019.12.12-08.26.41:322][298]LogWorld: Bringing World /Game/FirstPersonBP/Maps/UEDPIE_0_FirstPersonExampleMap.FirstPersonExampleMap up for play (max tick rate 0) at 2019.12.12-09.26.41
[2019.12.12-08.26.41:323][298]LogWorld: Bringing up level for play took: 0.001405
[2019.12.12-08.26.41:340][298]PIE: Play in editor start time for /Game/FirstPersonBP/Maps/UEDPIE_0_FirstPersonExampleMap 0,604
[2019.12.12-08.26.41:340][298]LogBlueprintUserMessages: Late PlayInEditor Detection: Level '/Game/FirstPersonBP/Maps/FirstPersonExampleMap.FirstPersonExampleMap:PersistentLevel' has LevelScriptBlueprint '/Game/FirstPersonBP/Maps/FirstPersonExampleMap.FirstPersonExampleMap:PersistentLevel.FirstPersonExampleMap' with GeneratedClass '/Game/FirstPersonBP/Maps/FirstPersonExampleMap.FirstPersonExampleMap_C' with ClassGeneratedBy '/Game/FirstPersonBP/Maps/FirstPersonExampleMap.FirstPersonExampleMap:PersistentLevel.FirstPersonExampleMap'
[2019.12.12-08.26.46:506][914]LogBlueprintUserMessages: [Zarya_C_0] Reloading
[2019.12.12-08.26.48:282][127]LogBlueprintUserMessages: Early EndPlayMap Detection: Level '/Game/FirstPersonBP/Maps/FirstPersonExampleMap.FirstPersonExampleMap:PersistentLevel' has LevelScriptBlueprint '/Game/FirstPersonBP/Maps/FirstPersonExampleMap.FirstPersonExampleMap:PersistentLevel.FirstPersonExampleMap' with GeneratedClass '/Game/FirstPersonBP/Maps/FirstPersonExampleMap.FirstPersonExampleMap_C' with ClassGeneratedBy '/Game/FirstPersonBP/Maps/FirstPersonExampleMap.FirstPersonExampleMap:PersistentLevel.FirstPersonExampleMap'
[2019.12.12-08.26.48:283][127]LogSlate: Updating window title bar state: overlay mode, drag disabled, window buttons hidden, title bar hidden
[2019.12.12-08.26.48:314][127]LogPlayLevel: Display: Shutting down PIE online subsystems
[2019.12.12-08.26.48:315][127]LogBlueprintUserMessages: Late EndPlayMap Detection: Level '/Game/FirstPersonBP/Maps/FirstPersonExampleMap.FirstPersonExampleMap:PersistentLevel' has LevelScriptBlueprint '/Game/FirstPersonBP/Maps/FirstPersonExampleMap.FirstPersonExampleMap:PersistentLevel.FirstPersonExampleMap' with GeneratedClass '/Game/FirstPersonBP/Maps/FirstPersonExampleMap.FirstPersonExampleMap_C' with ClassGeneratedBy '/Game/FirstPersonBP/Maps/FirstPersonExampleMap.FirstPersonExampleMap:PersistentLevel.FirstPersonExampleMap'
[2019.12.12-08.26.48:360][127]LogSlate: Updating window title bar state: overlay mode, drag disabled, window buttons hidden, title bar hidden
[2019.12.12-08.26.48:365][127]LogUObjectHash: Compacting FUObjectHashTables data took   2.48ms
[2019.12.12-08.26.48:390][128]LogPlayLevel: Display: Destroying online subsystem :Context_8
[2019.12.12-08.26.49:011][201]LogSlate: FSceneViewport::OnFocusLost() reason 0
[2019.12.12-08.28.18:017][497]BlueprintLog: New page: Compile Zarya
[2019.12.12-08.28.18:256][497]LogUObjectHash: Compacting FUObjectHashTables data took   3.76ms
[2019.12.12-08.28.18:800][521]LogSavePackage: Moving '../../../../../../Users/pau.andreotti/AndreottiPau/Github/BPOW_01_PAU_ANDREOTTI_BOSCH/Overwatch/Saved/Zarya0BDC0F224AC1364BEF7F04A6A26AB21C.tmp' to '../../../../../../Users/pau.andreotti/AndreottiPau/Github/BPOW_01_PAU_ANDREOTTI_BOSCH/Overwatch/Content/FirstPersonBP/Blueprints/Heroes/Zarya.uasset'
[2019.12.12-08.28.20:242][684]LogTemp: Repeating last play command: Selected Viewport
[2019.12.12-08.28.20:270][684]LogBlueprintUserMessages: Early PlayInEditor Detection: Level '/Game/FirstPersonBP/Maps/FirstPersonExampleMap.FirstPersonExampleMap:PersistentLevel' has LevelScriptBlueprint '/Game/FirstPersonBP/Maps/FirstPersonExampleMap.FirstPersonExampleMap:PersistentLevel.FirstPersonExampleMap' with GeneratedClass '/Game/FirstPersonBP/Maps/FirstPersonExampleMap.FirstPersonExampleMap_C' with ClassGeneratedBy '/Game/FirstPersonBP/Maps/FirstPersonExampleMap.FirstPersonExampleMap:PersistentLevel.FirstPersonExampleMap'
[2019.12.12-08.28.20:270][684]LogPlayLevel: PlayLevel: No blueprints needed recompiling
[2019.12.12-08.28.20:270][684]PIE: New page: PIE session: FirstPersonExampleMap (12/12/2019 10:28:20)
[2019.12.12-08.28.20:270][684]LogPlayLevel: Creating play world package: /Game/FirstPersonBP/Maps/UEDPIE_0_FirstPersonExampleMap
[2019.12.12-08.28.20:281][684]LogPlayLevel: PIE: StaticDuplicateObject took: (0.010629s)
[2019.12.12-08.28.20:281][684]LogAIModule: Creating AISystem for world FirstPersonExampleMap
[2019.12.12-08.28.20:281][684]LogPlayLevel: PIE: World Init took: (0.000578s)
[2019.12.12-08.28.20:282][684]LogPlayLevel: PIE: Created PIE world by copying editor world from /Game/FirstPersonBP/Maps/FirstPersonExampleMap.FirstPersonExampleMap to /Game/FirstPersonBP/Maps/UEDPIE_0_FirstPersonExampleMap.FirstPersonExampleMap (0.011352s)
[2019.12.12-08.28.20:326][684]LogUObjectHash: Compacting FUObjectHashTables data took   3.43ms
[2019.12.12-08.28.20:337][684]LogInit: XAudio2 using 'Speakers (Realtek High Definition Audio)' : 2 channels at 48 kHz using 32 bits per sample (channel mask 0x3)
[2019.12.12-08.28.20:352][684]LogInit: FAudioDevice initialized.
[2019.12.12-08.28.20:384][684]LogLoad: Game class is 'FirstPersonGameMode_C'
[2019.12.12-08.28.20:386][684]LogWorld: Bringing World /Game/FirstPersonBP/Maps/UEDPIE_0_FirstPersonExampleMap.FirstPersonExampleMap up for play (max tick rate 0) at 2019.12.12-09.28.20
[2019.12.12-08.28.20:386][684]LogWorld: Bringing up level for play took: 0.001439
[2019.12.12-08.28.20:403][684]PIE: Play in editor start time for /Game/FirstPersonBP/Maps/UEDPIE_0_FirstPersonExampleMap -0,333
[2019.12.12-08.28.20:403][684]LogBlueprintUserMessages: Late PlayInEditor Detection: Level '/Game/FirstPersonBP/Maps/FirstPersonExampleMap.FirstPersonExampleMap:PersistentLevel' has LevelScriptBlueprint '/Game/FirstPersonBP/Maps/FirstPersonExampleMap.FirstPersonExampleMap:PersistentLevel.FirstPersonExampleMap' with GeneratedClass '/Game/FirstPersonBP/Maps/FirstPersonExampleMap.FirstPersonExampleMap_C' with ClassGeneratedBy '/Game/FirstPersonBP/Maps/FirstPersonExampleMap.FirstPersonExampleMap:PersistentLevel.FirstPersonExampleMap'
[2019.12.12-08.28.23:899][100]LogBlueprintUserMessages: [Zarya_C_0] Reloading
[2019.12.12-08.28.28:684][670]LogBlueprintUserMessages: [Zarya_C_0] Reloading
[2019.12.12-08.28.30:443][881]LogBlueprintUserMessages: Early EndPlayMap Detection: Level '/Game/FirstPersonBP/Maps/FirstPersonExampleMap.FirstPersonExampleMap:PersistentLevel' has LevelScriptBlueprint '/Game/FirstPersonBP/Maps/FirstPersonExampleMap.FirstPersonExampleMap:PersistentLevel.FirstPersonExampleMap' with GeneratedClass '/Game/FirstPersonBP/Maps/FirstPersonExampleMap.FirstPersonExampleMap_C' with ClassGeneratedBy '/Game/FirstPersonBP/Maps/FirstPersonExampleMap.FirstPersonExampleMap:PersistentLevel.FirstPersonExampleMap'
[2019.12.12-08.28.30:443][881]LogSlate: Updating window title bar state: overlay mode, drag disabled, window buttons hidden, title bar hidden
[2019.12.12-08.28.30:474][881]LogPlayLevel: Display: Shutting down PIE online subsystems
[2019.12.12-08.28.30:475][881]LogBlueprintUserMessages: Late EndPlayMap Detection: Level '/Game/FirstPersonBP/Maps/FirstPersonExampleMap.FirstPersonExampleMap:PersistentLevel' has LevelScriptBlueprint '/Game/FirstPersonBP/Maps/FirstPersonExampleMap.FirstPersonExampleMap:PersistentLevel.FirstPersonExampleMap' with GeneratedClass '/Game/FirstPersonBP/Maps/FirstPersonExampleMap.FirstPersonExampleMap_C' with ClassGeneratedBy '/Game/FirstPersonBP/Maps/FirstPersonExampleMap.FirstPersonExampleMap:PersistentLevel.FirstPersonExampleMap'
[2019.12.12-08.28.30:522][881]LogSlate: Updating window title bar state: overlay mode, drag disabled, window buttons hidden, title bar hidden
[2019.12.12-08.28.30:526][881]LogUObjectHash: Compacting FUObjectHashTables data took   2.30ms
[2019.12.12-08.28.30:551][882]LogPlayLevel: Display: Destroying online subsystem :Context_9
[2019.12.12-08.28.31:080][944]LogSlate: FSceneViewport::OnFocusLost() reason 0
[2019.12.12-08.28.31:175][949]LogUObjectHash: Compacting FUObjectHashTables data took   0.89ms
[2019.12.12-08.28.31:497][949]LogSavePackage: Moving '../../../../../../Users/pau.andreotti/AndreottiPau/Github/BPOW_01_PAU_ANDREOTTI_BOSCH/Overwatch/Saved/FirstPersonExampleMapE8C40CE3423570B9D7EE3E9C56CF62C9.tmp' to '../../../../../../Users/pau.andreotti/AndreottiPau/Github/BPOW_01_PAU_ANDREOTTI_BOSCH/Overwatch/Content/FirstPersonBP/Maps/FirstPersonExampleMap.umap'
